18/11/06 16:40:16 WARN NativeCodeLoader: Unable to load native-hadoop library for your platform... using builtin-java classes where applicable
18/11/06 16:40:17 INFO SparkContext: Running Spark version 2.3.2
18/11/06 16:40:17 INFO SparkContext: Submitted application: sparklyr
18/11/06 16:40:17 INFO SecurityManager: Changing view acls to: javierluraschi
18/11/06 16:40:17 INFO SecurityManager: Changing modify acls to: javierluraschi
18/11/06 16:40:17 INFO SecurityManager: Changing view acls groups to: 
18/11/06 16:40:17 INFO SecurityManager: Changing modify acls groups to: 
18/11/06 16:40:17 INFO SecurityManager: SecurityManager: authentication disabled; ui acls disabled; users  with view permissions: Set(javierluraschi); groups with view permissions: Set(); users  with modify permissions: Set(javierluraschi); groups with modify permissions: Set()
18/11/06 16:40:17 INFO Utils: Successfully started service 'sparkDriver' on port 53982.
18/11/06 16:40:17 INFO SparkEnv: Registering MapOutputTracker
18/11/06 16:40:17 INFO SparkEnv: Registering BlockManagerMaster
18/11/06 16:40:17 INFO BlockManagerMasterEndpoint: Using org.apache.spark.storage.DefaultTopologyMapper for getting topology information
18/11/06 16:40:17 INFO BlockManagerMasterEndpoint: BlockManagerMasterEndpoint up
18/11/06 16:40:17 INFO DiskBlockManager: Created local directory at /private/var/folders/ks/wm_bx4cn70s6h0r5vgqpsldm0000gn/T/blockmgr-02291e0a-c55f-4869-923b-8b2dc529ba06
18/11/06 16:40:17 INFO MemoryStore: MemoryStore started with capacity 366.3 MB
18/11/06 16:40:17 INFO SparkEnv: Registering OutputCommitCoordinator
18/11/06 16:40:17 INFO Utils: Successfully started service 'SparkUI' on port 4040.
18/11/06 16:40:18 INFO SparkUI: Bound SparkUI to 127.0.0.1, and started at http://localhost:4040
18/11/06 16:40:18 INFO SparkContext: Added JAR file:/Library/Frameworks/R.framework/Versions/3.5/Resources/library/sparklyr/java/sparklyr-2.3-2.11.jar at spark://localhost:53982/jars/sparklyr-2.3-2.11.jar with timestamp 1541551218166
18/11/06 16:40:18 INFO Executor: Starting executor ID driver on host localhost
18/11/06 16:40:18 INFO Utils: Successfully started service 'org.apache.spark.network.netty.NettyBlockTransferService' on port 53983.
18/11/06 16:40:18 INFO NettyBlockTransferService: Server created on localhost:53983
18/11/06 16:40:18 INFO BlockManager: Using org.apache.spark.storage.RandomBlockReplicationPolicy for block replication policy
18/11/06 16:40:18 INFO BlockManagerMaster: Registering BlockManager BlockManagerId(driver, localhost, 53983, None)
18/11/06 16:40:18 INFO BlockManagerMasterEndpoint: Registering block manager localhost:53983 with 366.3 MB RAM, BlockManagerId(driver, localhost, 53983, None)
18/11/06 16:40:18 INFO BlockManagerMaster: Registered BlockManager BlockManagerId(driver, localhost, 53983, None)
18/11/06 16:40:18 INFO BlockManager: Initialized BlockManager: BlockManagerId(driver, localhost, 53983, None)
18/11/06 16:40:18 WARN SparkContext: Using an existing SparkContext; some configuration may not take effect.
18/11/06 16:40:18 INFO SharedState: loading hive config file: file:/Users/javierluraschi/spark/spark-2.3.2-bin-hadoop2.7/conf/hive-site.xml
18/11/06 16:40:18 INFO SharedState: Setting hive.metastore.warehouse.dir ('null') to the value of spark.sql.warehouse.dir ('file:/Users/javierluraschi/RStudio/talks/mlflow/spark-warehouse').
18/11/06 16:40:18 INFO SharedState: Warehouse path is 'file:/Users/javierluraschi/RStudio/talks/mlflow/spark-warehouse'.
18/11/06 16:40:19 INFO StateStoreCoordinatorRef: Registered StateStoreCoordinator endpoint
18/11/06 16:40:24 INFO CodeGenerator: Code generated in 241.608107 ms
18/11/06 16:40:25 INFO SparkContext: Starting job: collect at utils.scala:44
18/11/06 16:40:25 INFO DAGScheduler: Got job 0 (collect at utils.scala:44) with 1 output partitions
18/11/06 16:40:25 INFO DAGScheduler: Final stage: ResultStage 0 (collect at utils.scala:44)
18/11/06 16:40:25 INFO DAGScheduler: Parents of final stage: List()
18/11/06 16:40:25 INFO DAGScheduler: Missing parents: List()
18/11/06 16:40:25 INFO DAGScheduler: Submitting ResultStage 0 (MapPartitionsRDD[4] at map at utils.scala:41), which has no missing parents
18/11/06 16:40:25 INFO MemoryStore: Block broadcast_0 stored as values in memory (estimated size 6.0 KB, free 366.3 MB)
18/11/06 16:40:25 INFO MemoryStore: Block broadcast_0_piece0 stored as bytes in memory (estimated size 3.4 KB, free 366.3 MB)
18/11/06 16:40:25 INFO BlockManagerInfo: Added broadcast_0_piece0 in memory on localhost:53983 (size: 3.4 KB, free: 366.3 MB)
18/11/06 16:40:25 INFO SparkContext: Created broadcast 0 from broadcast at DAGScheduler.scala:1039
18/11/06 16:40:25 INFO DAGScheduler: Submitting 1 missing tasks from ResultStage 0 (MapPartitionsRDD[4] at map at utils.scala:41) (first 15 tasks are for partitions Vector(0))
18/11/06 16:40:25 INFO TaskSchedulerImpl: Adding task set 0.0 with 1 tasks
18/11/06 16:40:25 INFO TaskSetManager: Starting task 0.0 in stage 0.0 (TID 0, localhost, executor driver, partition 0, PROCESS_LOCAL, 7880 bytes)
18/11/06 16:40:25 INFO Executor: Running task 0.0 in stage 0.0 (TID 0)
18/11/06 16:40:25 INFO Executor: Fetching spark://localhost:53982/jars/sparklyr-2.3-2.11.jar with timestamp 1541551218166
18/11/06 16:40:25 INFO TransportClientFactory: Successfully created connection to localhost/127.0.0.1:53982 after 20 ms (0 ms spent in bootstraps)
18/11/06 16:40:25 INFO Utils: Fetching spark://localhost:53982/jars/sparklyr-2.3-2.11.jar to /private/var/folders/ks/wm_bx4cn70s6h0r5vgqpsldm0000gn/T/spark-048c7fa6-2620-4aa9-ab26-78667b804883/userFiles-8bd77e9c-cec9-4830-ba26-306b9cecfe04/fetchFileTemp6926346397034521923.tmp
18/11/06 16:40:25 INFO Executor: Adding file:/private/var/folders/ks/wm_bx4cn70s6h0r5vgqpsldm0000gn/T/spark-048c7fa6-2620-4aa9-ab26-78667b804883/userFiles-8bd77e9c-cec9-4830-ba26-306b9cecfe04/sparklyr-2.3-2.11.jar to class loader
18/11/06 16:40:25 INFO CodeGenerator: Code generated in 14.595317 ms
18/11/06 16:40:25 INFO Executor: Finished task 0.0 in stage 0.0 (TID 0). 1013 bytes result sent to driver
18/11/06 16:40:25 INFO TaskSetManager: Finished task 0.0 in stage 0.0 (TID 0) in 311 ms on localhost (executor driver) (1/1)
18/11/06 16:40:25 INFO TaskSchedulerImpl: Removed TaskSet 0.0, whose tasks have all completed, from pool 
18/11/06 16:40:25 INFO DAGScheduler: ResultStage 0 (collect at utils.scala:44) finished in 0.626 s
18/11/06 16:40:25 INFO DAGScheduler: Job 0 finished: collect at utils.scala:44, took 0.729905 s
18/11/06 16:40:26 INFO CodeGenerator: Code generated in 20.798932 ms
18/11/06 16:40:26 INFO CodeGenerator: Code generated in 19.424118 ms
18/11/06 16:40:26 INFO SparkContext: Starting job: sql at NativeMethodAccessorImpl.java:0
18/11/06 16:40:26 INFO DAGScheduler: Registering RDD 13 (sql at NativeMethodAccessorImpl.java:0)
18/11/06 16:40:26 INFO DAGScheduler: Got job 1 (sql at NativeMethodAccessorImpl.java:0) with 1 output partitions
18/11/06 16:40:26 INFO DAGScheduler: Final stage: ResultStage 2 (sql at NativeMethodAccessorImpl.java:0)
18/11/06 16:40:26 INFO DAGScheduler: Parents of final stage: List(ShuffleMapStage 1)
18/11/06 16:40:26 INFO DAGScheduler: Missing parents: List(ShuffleMapStage 1)
18/11/06 16:40:26 INFO DAGScheduler: Submitting ShuffleMapStage 1 (MapPartitionsRDD[13] at sql at NativeMethodAccessorImpl.java:0), which has no missing parents
18/11/06 16:40:26 INFO MemoryStore: Block broadcast_1 stored as values in memory (estimated size 30.6 KB, free 366.3 MB)
18/11/06 16:40:26 INFO MemoryStore: Block broadcast_1_piece0 stored as bytes in memory (estimated size 12.9 KB, free 366.2 MB)
18/11/06 16:40:26 INFO BlockManagerInfo: Added broadcast_1_piece0 in memory on localhost:53983 (size: 12.9 KB, free: 366.3 MB)
18/11/06 16:40:26 INFO SparkContext: Created broadcast 1 from broadcast at DAGScheduler.scala:1039
18/11/06 16:40:26 INFO DAGScheduler: Submitting 1 missing tasks from ShuffleMapStage 1 (MapPartitionsRDD[13] at sql at NativeMethodAccessorImpl.java:0) (first 15 tasks are for partitions Vector(0))
18/11/06 16:40:26 INFO TaskSchedulerImpl: Adding task set 1.0 with 1 tasks
18/11/06 16:40:26 INFO TaskSetManager: Starting task 0.0 in stage 1.0 (TID 1, localhost, executor driver, partition 0, PROCESS_LOCAL, 9144 bytes)
18/11/06 16:40:26 INFO Executor: Running task 0.0 in stage 1.0 (TID 1)
18/11/06 16:40:26 INFO CodeGenerator: Code generated in 21.956343 ms
18/11/06 16:40:26 INFO CodeGenerator: Code generated in 98.340702 ms
18/11/06 16:40:26 INFO MemoryStore: Block rdd_9_0 stored as values in memory (estimated size 4.2 KB, free 366.2 MB)
18/11/06 16:40:26 INFO BlockManagerInfo: Added rdd_9_0 in memory on localhost:53983 (size: 4.2 KB, free: 366.3 MB)
18/11/06 16:40:26 INFO CodeGenerator: Code generated in 11.76868 ms
18/11/06 16:40:26 INFO Executor: Finished task 0.0 in stage 1.0 (TID 1). 2018 bytes result sent to driver
18/11/06 16:40:26 INFO TaskSetManager: Finished task 0.0 in stage 1.0 (TID 1) in 335 ms on localhost (executor driver) (1/1)
18/11/06 16:40:26 INFO TaskSchedulerImpl: Removed TaskSet 1.0, whose tasks have all completed, from pool 
18/11/06 16:40:26 INFO DAGScheduler: ShuffleMapStage 1 (sql at NativeMethodAccessorImpl.java:0) finished in 0.366 s
18/11/06 16:40:26 INFO DAGScheduler: looking for newly runnable stages
18/11/06 16:40:26 INFO DAGScheduler: running: Set()
18/11/06 16:40:26 INFO DAGScheduler: waiting: Set(ResultStage 2)
18/11/06 16:40:26 INFO DAGScheduler: failed: Set()
18/11/06 16:40:26 INFO DAGScheduler: Submitting ResultStage 2 (MapPartitionsRDD[16] at sql at NativeMethodAccessorImpl.java:0), which has no missing parents
18/11/06 16:40:26 INFO MemoryStore: Block broadcast_2 stored as values in memory (estimated size 7.5 KB, free 366.2 MB)
18/11/06 16:40:26 INFO MemoryStore: Block broadcast_2_piece0 stored as bytes in memory (estimated size 3.9 KB, free 366.2 MB)
18/11/06 16:40:26 INFO BlockManagerInfo: Added broadcast_2_piece0 in memory on localhost:53983 (size: 3.9 KB, free: 366.3 MB)
18/11/06 16:40:26 INFO SparkContext: Created broadcast 2 from broadcast at DAGScheduler.scala:1039
18/11/06 16:40:26 INFO DAGScheduler: Submitting 1 missing tasks from ResultStage 2 (MapPartitionsRDD[16] at sql at NativeMethodAccessorImpl.java:0) (first 15 tasks are for partitions Vector(0))
18/11/06 16:40:26 INFO TaskSchedulerImpl: Adding task set 2.0 with 1 tasks
18/11/06 16:40:26 INFO TaskSetManager: Starting task 0.0 in stage 2.0 (TID 2, localhost, executor driver, partition 0, NODE_LOCAL, 7754 bytes)
18/11/06 16:40:26 INFO Executor: Running task 0.0 in stage 2.0 (TID 2)
18/11/06 16:40:26 INFO ShuffleBlockFetcherIterator: Getting 1 non-empty blocks out of 1 blocks
18/11/06 16:40:26 INFO ShuffleBlockFetcherIterator: Started 0 remote fetches in 11 ms
18/11/06 16:40:26 INFO Executor: Finished task 0.0 in stage 2.0 (TID 2). 1782 bytes result sent to driver
18/11/06 16:40:26 INFO TaskSetManager: Finished task 0.0 in stage 2.0 (TID 2) in 61 ms on localhost (executor driver) (1/1)
18/11/06 16:40:26 INFO TaskSchedulerImpl: Removed TaskSet 2.0, whose tasks have all completed, from pool 
18/11/06 16:40:26 INFO DAGScheduler: ResultStage 2 (sql at NativeMethodAccessorImpl.java:0) finished in 0.074 s
18/11/06 16:40:26 INFO DAGScheduler: Job 1 finished: sql at NativeMethodAccessorImpl.java:0, took 0.467559 s
18/11/06 16:40:26 INFO ContextCleaner: Cleaned accumulator 33
18/11/06 16:40:26 INFO ContextCleaner: Cleaned accumulator 90
18/11/06 16:40:26 INFO ContextCleaner: Cleaned accumulator 41
18/11/06 16:40:26 INFO ContextCleaner: Cleaned accumulator 54
18/11/06 16:40:26 INFO ContextCleaner: Cleaned accumulator 59
18/11/06 16:40:26 INFO ContextCleaner: Cleaned accumulator 47
18/11/06 16:40:26 INFO ContextCleaner: Cleaned accumulator 84
18/11/06 16:40:26 INFO ContextCleaner: Cleaned accumulator 35
18/11/06 16:40:26 INFO ContextCleaner: Cleaned accumulator 32
18/11/06 16:40:26 INFO ContextCleaner: Cleaned accumulator 88
18/11/06 16:40:26 INFO ContextCleaner: Cleaned accumulator 85
18/11/06 16:40:26 INFO ContextCleaner: Cleaned accumulator 80
18/11/06 16:40:26 INFO ContextCleaner: Cleaned accumulator 50
18/11/06 16:40:26 INFO ContextCleaner: Cleaned accumulator 74
18/11/06 16:40:26 INFO ContextCleaner: Cleaned accumulator 38
18/11/06 16:40:26 INFO ContextCleaner: Cleaned accumulator 67
18/11/06 16:40:26 INFO ContextCleaner: Cleaned accumulator 56
18/11/06 16:40:26 INFO ContextCleaner: Cleaned accumulator 87
18/11/06 16:40:26 INFO ContextCleaner: Cleaned accumulator 65
18/11/06 16:40:26 INFO ContextCleaner: Cleaned accumulator 71
18/11/06 16:40:26 INFO ContextCleaner: Cleaned accumulator 83
18/11/06 16:40:26 INFO ContextCleaner: Cleaned accumulator 57
18/11/06 16:40:26 INFO ContextCleaner: Cleaned accumulator 52
18/11/06 16:40:26 INFO ContextCleaner: Cleaned accumulator 36
18/11/06 16:40:26 INFO ContextCleaner: Cleaned accumulator 75
18/11/06 16:40:26 INFO ContextCleaner: Cleaned accumulator 28
18/11/06 16:40:26 INFO ContextCleaner: Cleaned accumulator 55
18/11/06 16:40:26 INFO ContextCleaner: Cleaned accumulator 72
18/11/06 16:40:26 INFO ContextCleaner: Cleaned accumulator 69
18/11/06 16:40:26 INFO ContextCleaner: Cleaned accumulator 49
18/11/06 16:40:26 INFO ContextCleaner: Cleaned accumulator 42
18/11/06 16:40:26 INFO ContextCleaner: Cleaned accumulator 53
18/11/06 16:40:26 INFO ContextCleaner: Cleaned accumulator 64
18/11/06 16:40:26 INFO ContextCleaner: Cleaned accumulator 45
18/11/06 16:40:26 INFO ContextCleaner: Cleaned accumulator 66
18/11/06 16:40:26 INFO ContextCleaner: Cleaned accumulator 86
18/11/06 16:40:26 INFO ContextCleaner: Cleaned accumulator 78
18/11/06 16:40:26 INFO ContextCleaner: Cleaned accumulator 46
18/11/06 16:40:26 INFO ContextCleaner: Cleaned accumulator 40
18/11/06 16:40:26 INFO ContextCleaner: Cleaned accumulator 37
18/11/06 16:40:26 INFO ContextCleaner: Cleaned accumulator 39
18/11/06 16:40:26 INFO ContextCleaner: Cleaned accumulator 34
18/11/06 16:40:26 INFO ContextCleaner: Cleaned accumulator 29
18/11/06 16:40:26 INFO ContextCleaner: Cleaned accumulator 30
18/11/06 16:40:26 INFO ContextCleaner: Cleaned accumulator 91
18/11/06 16:40:26 INFO BlockManagerInfo: Removed broadcast_1_piece0 on localhost:53983 in memory (size: 12.9 KB, free: 366.3 MB)
18/11/06 16:40:26 INFO ContextCleaner: Cleaned accumulator 70
18/11/06 16:40:26 INFO ContextCleaner: Cleaned accumulator 58
18/11/06 16:40:26 INFO ContextCleaner: Cleaned accumulator 77
18/11/06 16:40:26 INFO ContextCleaner: Cleaned accumulator 62
18/11/06 16:40:26 INFO ContextCleaner: Cleaned shuffle 0
18/11/06 16:40:26 INFO ContextCleaner: Cleaned accumulator 43
18/11/06 16:40:26 INFO ContextCleaner: Cleaned accumulator 51
18/11/06 16:40:26 INFO ContextCleaner: Cleaned accumulator 60
18/11/06 16:40:26 INFO ContextCleaner: Cleaned accumulator 76
18/11/06 16:40:26 INFO ContextCleaner: Cleaned accumulator 73
18/11/06 16:40:26 INFO ContextCleaner: Cleaned accumulator 44
18/11/06 16:40:26 INFO ContextCleaner: Cleaned accumulator 93
18/11/06 16:40:26 INFO ContextCleaner: Cleaned accumulator 31
18/11/06 16:40:26 INFO ContextCleaner: Cleaned accumulator 61
18/11/06 16:40:26 INFO ContextCleaner: Cleaned accumulator 79
18/11/06 16:40:26 INFO ContextCleaner: Cleaned accumulator 81
18/11/06 16:40:26 INFO ContextCleaner: Cleaned accumulator 89
18/11/06 16:40:26 INFO BlockManagerInfo: Removed broadcast_2_piece0 on localhost:53983 in memory (size: 3.9 KB, free: 366.3 MB)
18/11/06 16:40:26 INFO ContextCleaner: Cleaned accumulator 68
18/11/06 16:40:26 INFO ContextCleaner: Cleaned accumulator 48
18/11/06 16:40:26 INFO ContextCleaner: Cleaned accumulator 63
18/11/06 16:40:26 INFO ContextCleaner: Cleaned accumulator 92
18/11/06 16:40:26 INFO ContextCleaner: Cleaned accumulator 82
18/11/06 16:40:26 INFO CodeGenerator: Code generated in 14.350926 ms
18/11/06 16:40:27 INFO SparkContext: Starting job: collect at utils.scala:200
18/11/06 16:40:27 INFO DAGScheduler: Registering RDD 20 (collect at utils.scala:200)
18/11/06 16:40:27 INFO DAGScheduler: Got job 2 (collect at utils.scala:200) with 1 output partitions
18/11/06 16:40:27 INFO DAGScheduler: Final stage: ResultStage 4 (collect at utils.scala:200)
18/11/06 16:40:27 INFO DAGScheduler: Parents of final stage: List(ShuffleMapStage 3)
18/11/06 16:40:27 INFO DAGScheduler: Missing parents: List(ShuffleMapStage 3)
18/11/06 16:40:27 INFO DAGScheduler: Submitting ShuffleMapStage 3 (MapPartitionsRDD[20] at collect at utils.scala:200), which has no missing parents
18/11/06 16:40:27 INFO MemoryStore: Block broadcast_3 stored as values in memory (estimated size 30.6 KB, free 366.3 MB)
18/11/06 16:40:27 INFO MemoryStore: Block broadcast_3_piece0 stored as bytes in memory (estimated size 12.9 KB, free 366.2 MB)
18/11/06 16:40:27 INFO BlockManagerInfo: Added broadcast_3_piece0 in memory on localhost:53983 (size: 12.9 KB, free: 366.3 MB)
18/11/06 16:40:27 INFO SparkContext: Created broadcast 3 from broadcast at DAGScheduler.scala:1039
18/11/06 16:40:27 INFO DAGScheduler: Submitting 1 missing tasks from ShuffleMapStage 3 (MapPartitionsRDD[20] at collect at utils.scala:200) (first 15 tasks are for partitions Vector(0))
18/11/06 16:40:27 INFO TaskSchedulerImpl: Adding task set 3.0 with 1 tasks
18/11/06 16:40:27 INFO TaskSetManager: Starting task 0.0 in stage 3.0 (TID 3, localhost, executor driver, partition 0, PROCESS_LOCAL, 9144 bytes)
18/11/06 16:40:27 INFO Executor: Running task 0.0 in stage 3.0 (TID 3)
18/11/06 16:40:27 INFO BlockManager: Found block rdd_9_0 locally
18/11/06 16:40:27 INFO Executor: Finished task 0.0 in stage 3.0 (TID 3). 2061 bytes result sent to driver
18/11/06 16:40:27 INFO TaskSetManager: Finished task 0.0 in stage 3.0 (TID 3) in 21 ms on localhost (executor driver) (1/1)
18/11/06 16:40:27 INFO TaskSchedulerImpl: Removed TaskSet 3.0, whose tasks have all completed, from pool 
18/11/06 16:40:27 INFO DAGScheduler: ShuffleMapStage 3 (collect at utils.scala:200) finished in 0.030 s
18/11/06 16:40:27 INFO DAGScheduler: looking for newly runnable stages
18/11/06 16:40:27 INFO DAGScheduler: running: Set()
18/11/06 16:40:27 INFO DAGScheduler: waiting: Set(ResultStage 4)
18/11/06 16:40:27 INFO DAGScheduler: failed: Set()
18/11/06 16:40:27 INFO DAGScheduler: Submitting ResultStage 4 (MapPartitionsRDD[23] at collect at utils.scala:200), which has no missing parents
18/11/06 16:40:27 INFO MemoryStore: Block broadcast_4 stored as values in memory (estimated size 7.5 KB, free 366.2 MB)
18/11/06 16:40:27 INFO MemoryStore: Block broadcast_4_piece0 stored as bytes in memory (estimated size 3.9 KB, free 366.2 MB)
18/11/06 16:40:27 INFO BlockManagerInfo: Added broadcast_4_piece0 in memory on localhost:53983 (size: 3.9 KB, free: 366.3 MB)
18/11/06 16:40:27 INFO SparkContext: Created broadcast 4 from broadcast at DAGScheduler.scala:1039
18/11/06 16:40:27 INFO DAGScheduler: Submitting 1 missing tasks from ResultStage 4 (MapPartitionsRDD[23] at collect at utils.scala:200) (first 15 tasks are for partitions Vector(0))
18/11/06 16:40:27 INFO TaskSchedulerImpl: Adding task set 4.0 with 1 tasks
18/11/06 16:40:27 INFO TaskSetManager: Starting task 0.0 in stage 4.0 (TID 4, localhost, executor driver, partition 0, NODE_LOCAL, 7754 bytes)
18/11/06 16:40:27 INFO Executor: Running task 0.0 in stage 4.0 (TID 4)
18/11/06 16:40:27 INFO ShuffleBlockFetcherIterator: Getting 1 non-empty blocks out of 1 blocks
18/11/06 16:40:27 INFO ShuffleBlockFetcherIterator: Started 0 remote fetches in 1 ms
18/11/06 16:40:27 INFO Executor: Finished task 0.0 in stage 4.0 (TID 4). 1782 bytes result sent to driver
18/11/06 16:40:27 INFO TaskSetManager: Finished task 0.0 in stage 4.0 (TID 4) in 8 ms on localhost (executor driver) (1/1)
18/11/06 16:40:27 INFO TaskSchedulerImpl: Removed TaskSet 4.0, whose tasks have all completed, from pool 
18/11/06 16:40:27 INFO DAGScheduler: ResultStage 4 (collect at utils.scala:200) finished in 0.015 s
18/11/06 16:40:27 INFO DAGScheduler: Job 2 finished: collect at utils.scala:200, took 0.049607 s
18/11/06 16:40:49 INFO CodeGenerator: Code generated in 10.353912 ms
18/11/06 16:40:49 INFO CodeGenerator: Code generated in 23.173238 ms
18/11/06 16:40:49 INFO CodeGenerator: Code generated in 17.294098 ms
18/11/06 16:40:49 INFO CodeGenerator: Code generated in 30.953907 ms
18/11/06 16:40:50 INFO SparkContext: Starting job: collect at utils.scala:200
18/11/06 16:40:50 INFO DAGScheduler: Registering RDD 27 (collect at utils.scala:200)
18/11/06 16:40:50 INFO DAGScheduler: Got job 3 (collect at utils.scala:200) with 1 output partitions
18/11/06 16:40:50 INFO DAGScheduler: Final stage: ResultStage 6 (collect at utils.scala:200)
18/11/06 16:40:50 INFO DAGScheduler: Parents of final stage: List(ShuffleMapStage 5)
18/11/06 16:40:50 INFO DAGScheduler: Missing parents: List(ShuffleMapStage 5)
18/11/06 16:40:50 INFO DAGScheduler: Submitting ShuffleMapStage 5 (MapPartitionsRDD[27] at collect at utils.scala:200), which has no missing parents
18/11/06 16:40:50 INFO MemoryStore: Block broadcast_5 stored as values in memory (estimated size 34.0 KB, free 366.2 MB)
18/11/06 16:40:50 INFO MemoryStore: Block broadcast_5_piece0 stored as bytes in memory (estimated size 12.7 KB, free 366.2 MB)
18/11/06 16:40:50 INFO BlockManagerInfo: Added broadcast_5_piece0 in memory on localhost:53983 (size: 12.7 KB, free: 366.3 MB)
18/11/06 16:40:50 INFO SparkContext: Created broadcast 5 from broadcast at DAGScheduler.scala:1039
18/11/06 16:40:50 INFO DAGScheduler: Submitting 1 missing tasks from ShuffleMapStage 5 (MapPartitionsRDD[27] at collect at utils.scala:200) (first 15 tasks are for partitions Vector(0))
18/11/06 16:40:50 INFO TaskSchedulerImpl: Adding task set 5.0 with 1 tasks
18/11/06 16:40:50 INFO TaskSetManager: Starting task 0.0 in stage 5.0 (TID 5, localhost, executor driver, partition 0, PROCESS_LOCAL, 9144 bytes)
18/11/06 16:40:50 INFO Executor: Running task 0.0 in stage 5.0 (TID 5)
18/11/06 16:40:50 INFO BlockManager: Found block rdd_9_0 locally
18/11/06 16:40:50 INFO Executor: Finished task 0.0 in stage 5.0 (TID 5). 1623 bytes result sent to driver
18/11/06 16:40:50 INFO TaskSetManager: Finished task 0.0 in stage 5.0 (TID 5) in 35 ms on localhost (executor driver) (1/1)
18/11/06 16:40:50 INFO TaskSchedulerImpl: Removed TaskSet 5.0, whose tasks have all completed, from pool 
18/11/06 16:40:50 INFO DAGScheduler: ShuffleMapStage 5 (collect at utils.scala:200) finished in 0.049 s
18/11/06 16:40:50 INFO DAGScheduler: looking for newly runnable stages
18/11/06 16:40:50 INFO DAGScheduler: running: Set()
18/11/06 16:40:50 INFO DAGScheduler: waiting: Set(ResultStage 6)
18/11/06 16:40:50 INFO DAGScheduler: failed: Set()
18/11/06 16:40:50 INFO DAGScheduler: Submitting ResultStage 6 (MapPartitionsRDD[33] at collect at utils.scala:200), which has no missing parents
18/11/06 16:40:50 INFO MemoryStore: Block broadcast_6 stored as values in memory (estimated size 55.5 KB, free 366.1 MB)
18/11/06 16:40:50 INFO MemoryStore: Block broadcast_6_piece0 stored as bytes in memory (estimated size 22.2 KB, free 366.1 MB)
18/11/06 16:40:50 INFO BlockManagerInfo: Added broadcast_6_piece0 in memory on localhost:53983 (size: 22.2 KB, free: 366.2 MB)
18/11/06 16:40:50 INFO SparkContext: Created broadcast 6 from broadcast at DAGScheduler.scala:1039
18/11/06 16:40:50 INFO DAGScheduler: Submitting 1 missing tasks from ResultStage 6 (MapPartitionsRDD[33] at collect at utils.scala:200) (first 15 tasks are for partitions Vector(0))
18/11/06 16:40:50 INFO TaskSchedulerImpl: Adding task set 6.0 with 1 tasks
18/11/06 16:40:50 INFO TaskSetManager: Starting task 0.0 in stage 6.0 (TID 6, localhost, executor driver, partition 0, NODE_LOCAL, 7754 bytes)
18/11/06 16:40:50 INFO Executor: Running task 0.0 in stage 6.0 (TID 6)
18/11/06 16:40:50 INFO ShuffleBlockFetcherIterator: Getting 1 non-empty blocks out of 1 blocks
18/11/06 16:40:50 INFO ShuffleBlockFetcherIterator: Started 0 remote fetches in 1 ms
18/11/06 16:40:50 INFO CodeGenerator: Code generated in 16.987439 ms
18/11/06 16:40:51 INFO Executor: Finished task 0.0 in stage 6.0 (TID 6). 2131 bytes result sent to driver
18/11/06 16:40:51 INFO TaskSetManager: Finished task 0.0 in stage 6.0 (TID 6) in 1352 ms on localhost (executor driver) (1/1)
18/11/06 16:40:51 INFO TaskSchedulerImpl: Removed TaskSet 6.0, whose tasks have all completed, from pool 
18/11/06 16:40:51 INFO DAGScheduler: ResultStage 6 (collect at utils.scala:200) finished in 1.360 s
18/11/06 16:40:51 INFO DAGScheduler: Job 3 finished: collect at utils.scala:200, took 1.417124 s
18/11/06 16:40:51 INFO CodeGenerator: Code generated in 47.690231 ms
18/11/06 16:40:51 INFO CodeGenerator: Code generated in 30.243184 ms
18/11/06 16:40:52 INFO SparkContext: Starting job: sql at NativeMethodAccessorImpl.java:0
18/11/06 16:40:52 INFO DAGScheduler: Registering RDD 44 (sql at NativeMethodAccessorImpl.java:0)
18/11/06 16:40:52 INFO DAGScheduler: Got job 4 (sql at NativeMethodAccessorImpl.java:0) with 1 output partitions
18/11/06 16:40:52 INFO DAGScheduler: Final stage: ResultStage 8 (sql at NativeMethodAccessorImpl.java:0)
18/11/06 16:40:52 INFO DAGScheduler: Parents of final stage: List(ShuffleMapStage 7)
18/11/06 16:40:52 INFO DAGScheduler: Missing parents: List(ShuffleMapStage 7)
18/11/06 16:40:52 INFO DAGScheduler: Submitting ShuffleMapStage 7 (MapPartitionsRDD[44] at sql at NativeMethodAccessorImpl.java:0), which has no missing parents
18/11/06 16:40:52 INFO MemoryStore: Block broadcast_7 stored as values in memory (estimated size 89.9 KB, free 366.0 MB)
18/11/06 16:40:52 INFO ContextCleaner: Cleaned accumulator 141
18/11/06 16:40:52 INFO ContextCleaner: Cleaned accumulator 209
18/11/06 16:40:52 INFO ContextCleaner: Cleaned accumulator 158
18/11/06 16:40:52 INFO ContextCleaner: Cleaned accumulator 118
18/11/06 16:40:52 INFO ContextCleaner: Cleaned accumulator 187
18/11/06 16:40:52 INFO ContextCleaner: Cleaned accumulator 179
18/11/06 16:40:52 INFO ContextCleaner: Cleaned accumulator 184
18/11/06 16:40:52 INFO ContextCleaner: Cleaned accumulator 151
18/11/06 16:40:52 INFO ContextCleaner: Cleaned accumulator 160
18/11/06 16:40:52 INFO ContextCleaner: Cleaned accumulator 181
18/11/06 16:40:52 INFO ContextCleaner: Cleaned accumulator 149
18/11/06 16:40:52 INFO ContextCleaner: Cleaned accumulator 182
18/11/06 16:40:52 INFO MemoryStore: Block broadcast_7_piece0 stored as bytes in memory (estimated size 30.7 KB, free 366.0 MB)
18/11/06 16:40:52 INFO BlockManagerInfo: Added broadcast_7_piece0 in memory on localhost:53983 (size: 30.7 KB, free: 366.2 MB)
18/11/06 16:40:52 INFO SparkContext: Created broadcast 7 from broadcast at DAGScheduler.scala:1039
18/11/06 16:40:52 INFO BlockManagerInfo: Removed broadcast_5_piece0 on localhost:53983 in memory (size: 12.7 KB, free: 366.2 MB)
18/11/06 16:40:52 INFO ContextCleaner: Cleaned accumulator 199
18/11/06 16:40:52 INFO DAGScheduler: Submitting 1 missing tasks from ShuffleMapStage 7 (MapPartitionsRDD[44] at sql at NativeMethodAccessorImpl.java:0) (first 15 tasks are for partitions Vector(0))
18/11/06 16:40:52 INFO ContextCleaner: Cleaned accumulator 198
18/11/06 16:40:52 INFO TaskSchedulerImpl: Adding task set 7.0 with 1 tasks
18/11/06 16:40:52 INFO ContextCleaner: Cleaned accumulator 195
18/11/06 16:40:52 INFO ContextCleaner: Cleaned accumulator 134
18/11/06 16:40:52 INFO ContextCleaner: Cleaned accumulator 194
18/11/06 16:40:52 INFO ContextCleaner: Cleaned accumulator 153
18/11/06 16:40:52 INFO ContextCleaner: Cleaned accumulator 171
18/11/06 16:40:52 INFO ContextCleaner: Cleaned accumulator 117
18/11/06 16:40:52 INFO ContextCleaner: Cleaned accumulator 94
18/11/06 16:40:52 INFO ContextCleaner: Cleaned accumulator 193
18/11/06 16:40:52 INFO ContextCleaner: Cleaned accumulator 156
18/11/06 16:40:52 INFO ContextCleaner: Cleaned accumulator 124
18/11/06 16:40:52 INFO ContextCleaner: Cleaned accumulator 172
18/11/06 16:40:52 INFO ContextCleaner: Cleaned accumulator 138
18/11/06 16:40:52 INFO ContextCleaner: Cleaned accumulator 132
18/11/06 16:40:52 INFO ContextCleaner: Cleaned accumulator 137
18/11/06 16:40:52 INFO ContextCleaner: Cleaned accumulator 211
18/11/06 16:40:52 INFO ContextCleaner: Cleaned accumulator 147
18/11/06 16:40:52 INFO ContextCleaner: Cleaned accumulator 191
18/11/06 16:40:52 INFO TaskSetManager: Starting task 0.0 in stage 7.0 (TID 7, localhost, executor driver, partition 0, PROCESS_LOCAL, 9144 bytes)
18/11/06 16:40:52 INFO ContextCleaner: Cleaned accumulator 144
18/11/06 16:40:52 INFO Executor: Running task 0.0 in stage 7.0 (TID 7)
18/11/06 16:40:52 INFO BlockManagerInfo: Removed broadcast_6_piece0 on localhost:53983 in memory (size: 22.2 KB, free: 366.2 MB)
18/11/06 16:40:52 INFO ContextCleaner: Cleaned accumulator 140
18/11/06 16:40:52 INFO ContextCleaner: Cleaned accumulator 146
18/11/06 16:40:52 INFO ContextCleaner: Cleaned accumulator 186
18/11/06 16:40:52 INFO ContextCleaner: Cleaned accumulator 111
18/11/06 16:40:52 INFO ContextCleaner: Cleaned accumulator 189
18/11/06 16:40:52 INFO ContextCleaner: Cleaned accumulator 201
18/11/06 16:40:52 INFO ContextCleaner: Cleaned accumulator 114
18/11/06 16:40:52 INFO ContextCleaner: Cleaned accumulator 121
18/11/06 16:40:52 INFO ContextCleaner: Cleaned accumulator 188
18/11/06 16:40:52 INFO ContextCleaner: Cleaned accumulator 192
18/11/06 16:40:52 INFO ContextCleaner: Cleaned accumulator 200
18/11/06 16:40:52 INFO ContextCleaner: Cleaned accumulator 168
18/11/06 16:40:52 INFO ContextCleaner: Cleaned accumulator 116
18/11/06 16:40:52 INFO ContextCleaner: Cleaned accumulator 169
18/11/06 16:40:52 INFO ContextCleaner: Cleaned accumulator 130
18/11/06 16:40:52 INFO ContextCleaner: Cleaned accumulator 152
18/11/06 16:40:52 INFO ContextCleaner: Cleaned accumulator 208
18/11/06 16:40:52 INFO ContextCleaner: Cleaned accumulator 203
18/11/06 16:40:52 INFO ContextCleaner: Cleaned accumulator 154
18/11/06 16:40:52 INFO ContextCleaner: Cleaned accumulator 174
18/11/06 16:40:52 INFO ContextCleaner: Cleaned accumulator 112
18/11/06 16:40:52 INFO ContextCleaner: Cleaned accumulator 178
18/11/06 16:40:52 INFO ContextCleaner: Cleaned accumulator 207
18/11/06 16:40:52 INFO ContextCleaner: Cleaned accumulator 216
18/11/06 16:40:52 INFO ContextCleaner: Cleaned accumulator 119
18/11/06 16:40:52 INFO ContextCleaner: Cleaned accumulator 126
18/11/06 16:40:52 INFO ContextCleaner: Cleaned accumulator 131
18/11/06 16:40:52 INFO ContextCleaner: Cleaned accumulator 205
18/11/06 16:40:52 INFO BlockManagerInfo: Removed broadcast_3_piece0 on localhost:53983 in memory (size: 12.9 KB, free: 366.3 MB)
18/11/06 16:40:52 INFO ContextCleaner: Cleaned accumulator 142
18/11/06 16:40:52 INFO ContextCleaner: Cleaned accumulator 177
18/11/06 16:40:52 INFO ContextCleaner: Cleaned accumulator 136
18/11/06 16:40:52 INFO ContextCleaner: Cleaned accumulator 185
18/11/06 16:40:52 INFO ContextCleaner: Cleaned accumulator 215
18/11/06 16:40:52 INFO ContextCleaner: Cleaned accumulator 213
18/11/06 16:40:52 INFO ContextCleaner: Cleaned accumulator 122
18/11/06 16:40:52 INFO ContextCleaner: Cleaned accumulator 129
18/11/06 16:40:52 INFO ContextCleaner: Cleaned accumulator 173
18/11/06 16:40:52 INFO ContextCleaner: Cleaned accumulator 204
18/11/06 16:40:52 INFO ContextCleaner: Cleaned accumulator 190
18/11/06 16:40:52 INFO ContextCleaner: Cleaned accumulator 210
18/11/06 16:40:52 INFO ContextCleaner: Cleaned accumulator 206
18/11/06 16:40:52 INFO ContextCleaner: Cleaned accumulator 222
18/11/06 16:40:52 INFO ContextCleaner: Cleaned accumulator 113
18/11/06 16:40:52 INFO ContextCleaner: Cleaned accumulator 176
18/11/06 16:40:52 INFO BlockManager: Found block rdd_9_0 locally
18/11/06 16:40:52 INFO ContextCleaner: Cleaned accumulator 133
18/11/06 16:40:52 INFO ContextCleaner: Cleaned accumulator 125
18/11/06 16:40:52 INFO ContextCleaner: Cleaned accumulator 175
18/11/06 16:40:52 INFO ContextCleaner: Cleaned accumulator 183
18/11/06 16:40:52 INFO BlockManagerInfo: Removed broadcast_4_piece0 on localhost:53983 in memory (size: 3.9 KB, free: 366.3 MB)
18/11/06 16:40:52 INFO ContextCleaner: Cleaned accumulator 148
18/11/06 16:40:52 INFO ContextCleaner: Cleaned accumulator 123
18/11/06 16:40:52 INFO ContextCleaner: Cleaned accumulator 110
18/11/06 16:40:52 INFO ContextCleaner: Cleaned accumulator 115
18/11/06 16:40:52 INFO ContextCleaner: Cleaned accumulator 159
18/11/06 16:40:52 INFO ContextCleaner: Cleaned accumulator 197
18/11/06 16:40:52 INFO ContextCleaner: Cleaned accumulator 212
18/11/06 16:40:52 INFO ContextCleaner: Cleaned accumulator 157
18/11/06 16:40:52 INFO ContextCleaner: Cleaned accumulator 196
18/11/06 16:40:52 INFO ContextCleaner: Cleaned accumulator 202
18/11/06 16:40:52 INFO ContextCleaner: Cleaned accumulator 139
18/11/06 16:40:52 INFO ContextCleaner: Cleaned accumulator 167
18/11/06 16:40:52 INFO ContextCleaner: Cleaned accumulator 150
18/11/06 16:40:52 INFO ContextCleaner: Cleaned accumulator 143
18/11/06 16:40:52 INFO ContextCleaner: Cleaned accumulator 155
18/11/06 16:40:52 INFO ContextCleaner: Cleaned accumulator 145
18/11/06 16:40:52 INFO ContextCleaner: Cleaned accumulator 180
18/11/06 16:40:52 INFO ContextCleaner: Cleaned accumulator 214
18/11/06 16:40:52 INFO ContextCleaner: Cleaned accumulator 135
18/11/06 16:40:52 INFO ContextCleaner: Cleaned accumulator 170
18/11/06 16:40:52 INFO ContextCleaner: Cleaned accumulator 128
18/11/06 16:40:52 INFO ContextCleaner: Cleaned accumulator 127
18/11/06 16:40:52 INFO ContextCleaner: Cleaned accumulator 120
18/11/06 16:40:53 INFO MemoryStore: Block rdd_40_0 stored as values in memory (estimated size 4.2 KB, free 366.2 MB)
18/11/06 16:40:53 INFO BlockManagerInfo: Added rdd_40_0 in memory on localhost:53983 (size: 4.2 KB, free: 366.3 MB)
18/11/06 16:40:53 INFO Executor: Finished task 0.0 in stage 7.0 (TID 7). 2480 bytes result sent to driver
18/11/06 16:40:53 INFO TaskSetManager: Finished task 0.0 in stage 7.0 (TID 7) in 1251 ms on localhost (executor driver) (1/1)
18/11/06 16:40:53 INFO TaskSchedulerImpl: Removed TaskSet 7.0, whose tasks have all completed, from pool 
18/11/06 16:40:53 INFO DAGScheduler: ShuffleMapStage 7 (sql at NativeMethodAccessorImpl.java:0) finished in 1.274 s
18/11/06 16:40:53 INFO DAGScheduler: looking for newly runnable stages
18/11/06 16:40:53 INFO DAGScheduler: running: Set()
18/11/06 16:40:53 INFO DAGScheduler: waiting: Set(ResultStage 8)
18/11/06 16:40:53 INFO DAGScheduler: failed: Set()
18/11/06 16:40:53 INFO DAGScheduler: Submitting ResultStage 8 (MapPartitionsRDD[47] at sql at NativeMethodAccessorImpl.java:0), which has no missing parents
18/11/06 16:40:53 INFO MemoryStore: Block broadcast_8 stored as values in memory (estimated size 7.5 KB, free 366.2 MB)
18/11/06 16:40:53 INFO MemoryStore: Block broadcast_8_piece0 stored as bytes in memory (estimated size 3.9 KB, free 366.2 MB)
18/11/06 16:40:53 INFO BlockManagerInfo: Added broadcast_8_piece0 in memory on localhost:53983 (size: 3.9 KB, free: 366.3 MB)
18/11/06 16:40:53 INFO SparkContext: Created broadcast 8 from broadcast at DAGScheduler.scala:1039
18/11/06 16:40:53 INFO DAGScheduler: Submitting 1 missing tasks from ResultStage 8 (MapPartitionsRDD[47] at sql at NativeMethodAccessorImpl.java:0) (first 15 tasks are for partitions Vector(0))
18/11/06 16:40:53 INFO TaskSchedulerImpl: Adding task set 8.0 with 1 tasks
18/11/06 16:40:53 INFO TaskSetManager: Starting task 0.0 in stage 8.0 (TID 8, localhost, executor driver, partition 0, NODE_LOCAL, 7754 bytes)
18/11/06 16:40:53 INFO Executor: Running task 0.0 in stage 8.0 (TID 8)
18/11/06 16:40:53 INFO ShuffleBlockFetcherIterator: Getting 1 non-empty blocks out of 1 blocks
18/11/06 16:40:53 INFO ShuffleBlockFetcherIterator: Started 0 remote fetches in 1 ms
18/11/06 16:40:53 INFO Executor: Finished task 0.0 in stage 8.0 (TID 8). 1782 bytes result sent to driver
18/11/06 16:40:53 INFO TaskSetManager: Finished task 0.0 in stage 8.0 (TID 8) in 8 ms on localhost (executor driver) (1/1)
18/11/06 16:40:53 INFO TaskSchedulerImpl: Removed TaskSet 8.0, whose tasks have all completed, from pool 
18/11/06 16:40:53 INFO DAGScheduler: ResultStage 8 (sql at NativeMethodAccessorImpl.java:0) finished in 0.017 s
18/11/06 16:40:53 INFO DAGScheduler: Job 4 finished: sql at NativeMethodAccessorImpl.java:0, took 1.296989 s
18/11/06 16:40:53 INFO SparkContext: Starting job: collect at utils.scala:200
18/11/06 16:40:53 INFO DAGScheduler: Got job 5 (collect at utils.scala:200) with 1 output partitions
18/11/06 16:40:53 INFO DAGScheduler: Final stage: ResultStage 9 (collect at utils.scala:200)
18/11/06 16:40:53 INFO DAGScheduler: Parents of final stage: List()
18/11/06 16:40:53 INFO DAGScheduler: Missing parents: List()
18/11/06 16:40:53 INFO DAGScheduler: Submitting ResultStage 9 (MapPartitionsRDD[52] at collect at utils.scala:200), which has no missing parents
18/11/06 16:40:53 INFO MemoryStore: Block broadcast_9 stored as values in memory (estimated size 91.6 KB, free 366.1 MB)
18/11/06 16:40:53 INFO MemoryStore: Block broadcast_9_piece0 stored as bytes in memory (estimated size 29.3 KB, free 366.0 MB)
18/11/06 16:40:53 INFO BlockManagerInfo: Added broadcast_9_piece0 in memory on localhost:53983 (size: 29.3 KB, free: 366.2 MB)
18/11/06 16:40:53 INFO SparkContext: Created broadcast 9 from broadcast at DAGScheduler.scala:1039
18/11/06 16:40:53 INFO DAGScheduler: Submitting 1 missing tasks from ResultStage 9 (MapPartitionsRDD[52] at collect at utils.scala:200) (first 15 tasks are for partitions Vector(0))
18/11/06 16:40:53 INFO TaskSchedulerImpl: Adding task set 9.0 with 1 tasks
18/11/06 16:40:53 INFO TaskSetManager: Starting task 0.0 in stage 9.0 (TID 9, localhost, executor driver, partition 0, PROCESS_LOCAL, 9155 bytes)
18/11/06 16:40:53 INFO Executor: Running task 0.0 in stage 9.0 (TID 9)
18/11/06 16:40:53 INFO BlockManager: Found block rdd_40_0 locally
18/11/06 16:40:53 INFO Executor: Finished task 0.0 in stage 9.0 (TID 9). 3038 bytes result sent to driver
18/11/06 16:40:53 INFO TaskSetManager: Finished task 0.0 in stage 9.0 (TID 9) in 8 ms on localhost (executor driver) (1/1)
18/11/06 16:40:53 INFO TaskSchedulerImpl: Removed TaskSet 9.0, whose tasks have all completed, from pool 
18/11/06 16:40:53 INFO DAGScheduler: ResultStage 9 (collect at utils.scala:200) finished in 0.016 s
18/11/06 16:40:53 INFO DAGScheduler: Job 5 finished: collect at utils.scala:200, took 0.019404 s
18/11/06 16:41:03 INFO SparkContext: Starting job: collect at utils.scala:200
18/11/06 16:41:03 INFO DAGScheduler: Registering RDD 56 (collect at utils.scala:200)
18/11/06 16:41:03 INFO DAGScheduler: Got job 6 (collect at utils.scala:200) with 1 output partitions
18/11/06 16:41:03 INFO DAGScheduler: Final stage: ResultStage 11 (collect at utils.scala:200)
18/11/06 16:41:03 INFO DAGScheduler: Parents of final stage: List(ShuffleMapStage 10)
18/11/06 16:41:03 INFO DAGScheduler: Missing parents: List(ShuffleMapStage 10)
18/11/06 16:41:03 INFO DAGScheduler: Submitting ShuffleMapStage 10 (MapPartitionsRDD[56] at collect at utils.scala:200), which has no missing parents
18/11/06 16:41:03 INFO MemoryStore: Block broadcast_10 stored as values in memory (estimated size 34.0 KB, free 366.0 MB)
18/11/06 16:41:03 INFO MemoryStore: Block broadcast_10_piece0 stored as bytes in memory (estimated size 12.7 KB, free 366.0 MB)
18/11/06 16:41:03 INFO BlockManagerInfo: Added broadcast_10_piece0 in memory on localhost:53983 (size: 12.7 KB, free: 366.2 MB)
18/11/06 16:41:03 INFO SparkContext: Created broadcast 10 from broadcast at DAGScheduler.scala:1039
18/11/06 16:41:03 INFO DAGScheduler: Submitting 1 missing tasks from ShuffleMapStage 10 (MapPartitionsRDD[56] at collect at utils.scala:200) (first 15 tasks are for partitions Vector(0))
18/11/06 16:41:03 INFO TaskSchedulerImpl: Adding task set 10.0 with 1 tasks
18/11/06 16:41:03 INFO TaskSetManager: Starting task 0.0 in stage 10.0 (TID 10, localhost, executor driver, partition 0, PROCESS_LOCAL, 9144 bytes)
18/11/06 16:41:03 INFO Executor: Running task 0.0 in stage 10.0 (TID 10)
18/11/06 16:41:03 INFO BlockManager: Found block rdd_9_0 locally
18/11/06 16:41:03 INFO Executor: Finished task 0.0 in stage 10.0 (TID 10). 1666 bytes result sent to driver
18/11/06 16:41:03 INFO TaskSetManager: Finished task 0.0 in stage 10.0 (TID 10) in 9 ms on localhost (executor driver) (1/1)
18/11/06 16:41:03 INFO TaskSchedulerImpl: Removed TaskSet 10.0, whose tasks have all completed, from pool 
18/11/06 16:41:03 INFO DAGScheduler: ShuffleMapStage 10 (collect at utils.scala:200) finished in 0.015 s
18/11/06 16:41:03 INFO DAGScheduler: looking for newly runnable stages
18/11/06 16:41:03 INFO DAGScheduler: running: Set()
18/11/06 16:41:03 INFO DAGScheduler: waiting: Set(ResultStage 11)
18/11/06 16:41:03 INFO DAGScheduler: failed: Set()
18/11/06 16:41:03 INFO DAGScheduler: Submitting ResultStage 11 (MapPartitionsRDD[62] at collect at utils.scala:200), which has no missing parents
18/11/06 16:41:03 INFO MemoryStore: Block broadcast_11 stored as values in memory (estimated size 55.6 KB, free 365.9 MB)
18/11/06 16:41:03 INFO MemoryStore: Block broadcast_11_piece0 stored as bytes in memory (estimated size 22.2 KB, free 365.9 MB)
18/11/06 16:41:03 INFO BlockManagerInfo: Added broadcast_11_piece0 in memory on localhost:53983 (size: 22.2 KB, free: 366.2 MB)
18/11/06 16:41:03 INFO SparkContext: Created broadcast 11 from broadcast at DAGScheduler.scala:1039
18/11/06 16:41:03 INFO DAGScheduler: Submitting 1 missing tasks from ResultStage 11 (MapPartitionsRDD[62] at collect at utils.scala:200) (first 15 tasks are for partitions Vector(0))
18/11/06 16:41:03 INFO TaskSchedulerImpl: Adding task set 11.0 with 1 tasks
18/11/06 16:41:03 INFO TaskSetManager: Starting task 0.0 in stage 11.0 (TID 11, localhost, executor driver, partition 0, NODE_LOCAL, 7754 bytes)
18/11/06 16:41:03 INFO Executor: Running task 0.0 in stage 11.0 (TID 11)
18/11/06 16:41:03 INFO ShuffleBlockFetcherIterator: Getting 1 non-empty blocks out of 1 blocks
18/11/06 16:41:03 INFO ShuffleBlockFetcherIterator: Started 0 remote fetches in 0 ms
18/11/06 16:41:04 INFO Executor: Finished task 0.0 in stage 11.0 (TID 11). 2087 bytes result sent to driver
18/11/06 16:41:04 INFO TaskSetManager: Finished task 0.0 in stage 11.0 (TID 11) in 1328 ms on localhost (executor driver) (1/1)
18/11/06 16:41:04 INFO TaskSchedulerImpl: Removed TaskSet 11.0, whose tasks have all completed, from pool 
18/11/06 16:41:04 INFO DAGScheduler: ResultStage 11 (collect at utils.scala:200) finished in 1.336 s
18/11/06 16:41:04 INFO DAGScheduler: Job 6 finished: collect at utils.scala:200, took 1.356681 s
18/11/06 16:41:05 INFO CodeGenerator: Code generated in 10.891311 ms
18/11/06 16:41:05 INFO SparkContext: Starting job: sql at NativeMethodAccessorImpl.java:0
18/11/06 16:41:05 INFO DAGScheduler: Registering RDD 73 (sql at NativeMethodAccessorImpl.java:0)
18/11/06 16:41:05 INFO DAGScheduler: Got job 7 (sql at NativeMethodAccessorImpl.java:0) with 1 output partitions
18/11/06 16:41:05 INFO DAGScheduler: Final stage: ResultStage 13 (sql at NativeMethodAccessorImpl.java:0)
18/11/06 16:41:05 INFO DAGScheduler: Parents of final stage: List(ShuffleMapStage 12)
18/11/06 16:41:05 INFO DAGScheduler: Missing parents: List(ShuffleMapStage 12)
18/11/06 16:41:05 INFO DAGScheduler: Submitting ShuffleMapStage 12 (MapPartitionsRDD[73] at sql at NativeMethodAccessorImpl.java:0), which has no missing parents
18/11/06 16:41:05 INFO MemoryStore: Block broadcast_12 stored as values in memory (estimated size 64.9 KB, free 365.9 MB)
18/11/06 16:41:05 INFO MemoryStore: Block broadcast_12_piece0 stored as bytes in memory (estimated size 25.3 KB, free 365.8 MB)
18/11/06 16:41:05 INFO BlockManagerInfo: Added broadcast_12_piece0 in memory on localhost:53983 (size: 25.3 KB, free: 366.2 MB)
18/11/06 16:41:05 INFO SparkContext: Created broadcast 12 from broadcast at DAGScheduler.scala:1039
18/11/06 16:41:05 INFO DAGScheduler: Submitting 1 missing tasks from ShuffleMapStage 12 (MapPartitionsRDD[73] at sql at NativeMethodAccessorImpl.java:0) (first 15 tasks are for partitions Vector(0))
18/11/06 16:41:05 INFO TaskSchedulerImpl: Adding task set 12.0 with 1 tasks
18/11/06 16:41:05 INFO TaskSetManager: Starting task 0.0 in stage 12.0 (TID 12, localhost, executor driver, partition 0, PROCESS_LOCAL, 9144 bytes)
18/11/06 16:41:05 INFO Executor: Running task 0.0 in stage 12.0 (TID 12)
18/11/06 16:41:05 INFO BlockManager: Found block rdd_9_0 locally
18/11/06 16:41:06 INFO MemoryStore: Block rdd_69_0 stored as values in memory (estimated size 512.0 B, free 365.8 MB)
18/11/06 16:41:06 INFO BlockManagerInfo: Added rdd_69_0 in memory on localhost:53983 (size: 512.0 B, free: 366.2 MB)
18/11/06 16:41:06 INFO Executor: Finished task 0.0 in stage 12.0 (TID 12). 2437 bytes result sent to driver
18/11/06 16:41:06 INFO TaskSetManager: Finished task 0.0 in stage 12.0 (TID 12) in 1232 ms on localhost (executor driver) (1/1)
18/11/06 16:41:06 INFO TaskSchedulerImpl: Removed TaskSet 12.0, whose tasks have all completed, from pool 
18/11/06 16:41:06 INFO DAGScheduler: ShuffleMapStage 12 (sql at NativeMethodAccessorImpl.java:0) finished in 1.242 s
18/11/06 16:41:06 INFO DAGScheduler: looking for newly runnable stages
18/11/06 16:41:06 INFO DAGScheduler: running: Set()
18/11/06 16:41:06 INFO DAGScheduler: waiting: Set(ResultStage 13)
18/11/06 16:41:06 INFO DAGScheduler: failed: Set()
18/11/06 16:41:06 INFO DAGScheduler: Submitting ResultStage 13 (MapPartitionsRDD[76] at sql at NativeMethodAccessorImpl.java:0), which has no missing parents
18/11/06 16:41:06 INFO MemoryStore: Block broadcast_13 stored as values in memory (estimated size 7.5 KB, free 365.8 MB)
18/11/06 16:41:06 INFO MemoryStore: Block broadcast_13_piece0 stored as bytes in memory (estimated size 3.9 KB, free 365.8 MB)
18/11/06 16:41:06 INFO BlockManagerInfo: Added broadcast_13_piece0 in memory on localhost:53983 (size: 3.9 KB, free: 366.2 MB)
18/11/06 16:41:06 INFO SparkContext: Created broadcast 13 from broadcast at DAGScheduler.scala:1039
18/11/06 16:41:06 INFO DAGScheduler: Submitting 1 missing tasks from ResultStage 13 (MapPartitionsRDD[76] at sql at NativeMethodAccessorImpl.java:0) (first 15 tasks are for partitions Vector(0))
18/11/06 16:41:06 INFO TaskSchedulerImpl: Adding task set 13.0 with 1 tasks
18/11/06 16:41:06 INFO TaskSetManager: Starting task 0.0 in stage 13.0 (TID 13, localhost, executor driver, partition 0, NODE_LOCAL, 7754 bytes)
18/11/06 16:41:06 INFO Executor: Running task 0.0 in stage 13.0 (TID 13)
18/11/06 16:41:06 INFO ShuffleBlockFetcherIterator: Getting 1 non-empty blocks out of 1 blocks
18/11/06 16:41:06 INFO ShuffleBlockFetcherIterator: Started 0 remote fetches in 0 ms
18/11/06 16:41:06 INFO Executor: Finished task 0.0 in stage 13.0 (TID 13). 1782 bytes result sent to driver
18/11/06 16:41:06 INFO TaskSetManager: Finished task 0.0 in stage 13.0 (TID 13) in 5 ms on localhost (executor driver) (1/1)
18/11/06 16:41:06 INFO TaskSchedulerImpl: Removed TaskSet 13.0, whose tasks have all completed, from pool 
18/11/06 16:41:06 INFO DAGScheduler: ResultStage 13 (sql at NativeMethodAccessorImpl.java:0) finished in 0.012 s
18/11/06 16:41:06 INFO DAGScheduler: Job 7 finished: sql at NativeMethodAccessorImpl.java:0, took 1.260780 s
18/11/06 16:41:06 INFO CodeGenerator: Code generated in 7.866547 ms
18/11/06 16:41:06 INFO CodeGenerator: Code generated in 8.568534 ms
18/11/06 16:41:06 INFO SparkContext: Starting job: collect at utils.scala:200
18/11/06 16:41:06 INFO DAGScheduler: Got job 8 (collect at utils.scala:200) with 1 output partitions
18/11/06 16:41:06 INFO DAGScheduler: Final stage: ResultStage 14 (collect at utils.scala:200)
18/11/06 16:41:06 INFO DAGScheduler: Parents of final stage: List()
18/11/06 16:41:06 INFO DAGScheduler: Missing parents: List()
18/11/06 16:41:06 INFO DAGScheduler: Submitting ResultStage 14 (MapPartitionsRDD[81] at collect at utils.scala:200), which has no missing parents
18/11/06 16:41:06 INFO MemoryStore: Block broadcast_14 stored as values in memory (estimated size 60.7 KB, free 365.8 MB)
18/11/06 16:41:06 INFO MemoryStore: Block broadcast_14_piece0 stored as bytes in memory (estimated size 23.1 KB, free 365.7 MB)
18/11/06 16:41:06 INFO BlockManagerInfo: Added broadcast_14_piece0 in memory on localhost:53983 (size: 23.1 KB, free: 366.1 MB)
18/11/06 16:41:06 INFO SparkContext: Created broadcast 14 from broadcast at DAGScheduler.scala:1039
18/11/06 16:41:06 INFO DAGScheduler: Submitting 1 missing tasks from ResultStage 14 (MapPartitionsRDD[81] at collect at utils.scala:200) (first 15 tasks are for partitions Vector(0))
18/11/06 16:41:06 INFO TaskSchedulerImpl: Adding task set 14.0 with 1 tasks
18/11/06 16:41:06 INFO TaskSetManager: Starting task 0.0 in stage 14.0 (TID 14, localhost, executor driver, partition 0, PROCESS_LOCAL, 9155 bytes)
18/11/06 16:41:06 INFO Executor: Running task 0.0 in stage 14.0 (TID 14)
18/11/06 16:41:06 INFO BlockManager: Found block rdd_69_0 locally
18/11/06 16:41:06 INFO Executor: Finished task 0.0 in stage 14.0 (TID 14). 2071 bytes result sent to driver
18/11/06 16:41:06 INFO TaskSetManager: Finished task 0.0 in stage 14.0 (TID 14) in 8 ms on localhost (executor driver) (1/1)
18/11/06 16:41:06 INFO TaskSchedulerImpl: Removed TaskSet 14.0, whose tasks have all completed, from pool 
18/11/06 16:41:06 INFO DAGScheduler: ResultStage 14 (collect at utils.scala:200) finished in 0.014 s
18/11/06 16:41:06 INFO DAGScheduler: Job 8 finished: collect at utils.scala:200, took 0.019521 s
18/11/06 16:42:25 INFO BlockManagerInfo: Removed broadcast_10_piece0 on localhost:53983 in memory (size: 12.7 KB, free: 366.2 MB)
18/11/06 16:42:25 INFO ContextCleaner: Cleaned accumulator 396
18/11/06 16:42:25 INFO ContextCleaner: Cleaned accumulator 447
18/11/06 16:42:25 INFO ContextCleaner: Cleaned accumulator 438
18/11/06 16:42:25 INFO BlockManagerInfo: Removed broadcast_11_piece0 on localhost:53983 in memory (size: 22.2 KB, free: 366.2 MB)
18/11/06 16:42:25 INFO ContextCleaner: Cleaned accumulator 279
18/11/06 16:42:25 INFO ContextCleaner: Cleaned accumulator 291
18/11/06 16:42:25 INFO ContextCleaner: Cleaned accumulator 353
18/11/06 16:42:25 INFO ContextCleaner: Cleaned accumulator 271
18/11/06 16:42:25 INFO ContextCleaner: Cleaned accumulator 281
18/11/06 16:42:25 INFO ContextCleaner: Cleaned accumulator 273
18/11/06 16:42:25 INFO ContextCleaner: Cleaned accumulator 335
18/11/06 16:42:25 INFO ContextCleaner: Cleaned accumulator 466
18/11/06 16:42:25 INFO ContextCleaner: Cleaned accumulator 406
18/11/06 16:42:25 INFO ContextCleaner: Cleaned accumulator 411
18/11/06 16:42:25 INFO ContextCleaner: Cleaned accumulator 348
18/11/06 16:42:25 INFO ContextCleaner: Cleaned accumulator 357
18/11/06 16:42:25 INFO ContextCleaner: Cleaned accumulator 419
18/11/06 16:42:25 INFO ContextCleaner: Cleaned accumulator 413
18/11/06 16:42:25 INFO ContextCleaner: Cleaned accumulator 270
18/11/06 16:42:25 INFO ContextCleaner: Cleaned accumulator 362
18/11/06 16:42:25 INFO ContextCleaner: Cleaned accumulator 294
18/11/06 16:42:25 INFO ContextCleaner: Cleaned accumulator 457
18/11/06 16:42:25 INFO ContextCleaner: Cleaned accumulator 274
18/11/06 16:42:25 INFO ContextCleaner: Cleaned accumulator 380
18/11/06 16:42:25 INFO ContextCleaner: Cleaned accumulator 441
18/11/06 16:42:25 INFO ContextCleaner: Cleaned accumulator 349
18/11/06 16:42:25 INFO ContextCleaner: Cleaned accumulator 456
18/11/06 16:42:25 INFO ContextCleaner: Cleaned accumulator 300
18/11/06 16:42:25 INFO ContextCleaner: Cleaned accumulator 364
18/11/06 16:42:25 INFO ContextCleaner: Cleaned accumulator 355
18/11/06 16:42:25 INFO ContextCleaner: Cleaned accumulator 287
18/11/06 16:42:25 INFO ContextCleaner: Cleaned accumulator 295
18/11/06 16:42:25 INFO ContextCleaner: Cleaned accumulator 421
18/11/06 16:42:25 INFO ContextCleaner: Cleaned accumulator 296
18/11/06 16:42:25 INFO ContextCleaner: Cleaned accumulator 284
18/11/06 16:42:25 INFO ContextCleaner: Cleaned accumulator 402
18/11/06 16:42:25 INFO ContextCleaner: Cleaned accumulator 471
18/11/06 16:42:25 INFO ContextCleaner: Cleaned accumulator 297
18/11/06 16:42:25 INFO ContextCleaner: Cleaned accumulator 315
18/11/06 16:42:25 INFO ContextCleaner: Cleaned shuffle 5
18/11/06 16:42:25 INFO ContextCleaner: Cleaned accumulator 324
18/11/06 16:42:25 INFO ContextCleaner: Cleaned accumulator 395
18/11/06 16:42:25 INFO ContextCleaner: Cleaned accumulator 341
18/11/06 16:42:25 INFO ContextCleaner: Cleaned accumulator 470
18/11/06 16:42:25 INFO ContextCleaner: Cleaned accumulator 409
18/11/06 16:42:25 INFO ContextCleaner: Cleaned accumulator 267
18/11/06 16:42:25 INFO ContextCleaner: Cleaned accumulator 360
18/11/06 16:42:25 INFO ContextCleaner: Cleaned accumulator 434
18/11/06 16:42:25 INFO ContextCleaner: Cleaned accumulator 365
18/11/06 16:42:25 INFO ContextCleaner: Cleaned accumulator 414
18/11/06 16:42:25 INFO ContextCleaner: Cleaned accumulator 431
18/11/06 16:42:25 INFO ContextCleaner: Cleaned accumulator 264
18/11/06 16:42:25 INFO ContextCleaner: Cleaned accumulator 339
18/11/06 16:42:25 INFO ContextCleaner: Cleaned accumulator 266
18/11/06 16:42:25 INFO ContextCleaner: Cleaned accumulator 460
18/11/06 16:42:25 INFO ContextCleaner: Cleaned accumulator 276
18/11/06 16:42:25 INFO ContextCleaner: Cleaned accumulator 342
18/11/06 16:42:25 INFO ContextCleaner: Cleaned accumulator 312
18/11/06 16:42:25 INFO ContextCleaner: Cleaned accumulator 367
18/11/06 16:42:25 INFO ContextCleaner: Cleaned accumulator 390
18/11/06 16:42:25 INFO ContextCleaner: Cleaned accumulator 325
18/11/06 16:42:25 INFO ContextCleaner: Cleaned accumulator 404
18/11/06 16:42:25 INFO ContextCleaner: Cleaned accumulator 405
18/11/06 16:42:25 INFO ContextCleaner: Cleaned accumulator 436
18/11/06 16:42:25 INFO ContextCleaner: Cleaned accumulator 383
18/11/06 16:42:25 INFO ContextCleaner: Cleaned accumulator 418
18/11/06 16:42:25 INFO ContextCleaner: Cleaned accumulator 384
18/11/06 16:42:25 INFO ContextCleaner: Cleaned accumulator 394
18/11/06 16:42:25 INFO ContextCleaner: Cleaned accumulator 304
18/11/06 16:42:25 INFO ContextCleaner: Cleaned accumulator 468
18/11/06 16:42:25 INFO ContextCleaner: Cleaned accumulator 288
18/11/06 16:42:25 INFO ContextCleaner: Cleaned accumulator 410
18/11/06 16:42:25 INFO ContextCleaner: Cleaned accumulator 420
18/11/06 16:42:25 INFO ContextCleaner: Cleaned accumulator 351
18/11/06 16:42:25 INFO ContextCleaner: Cleaned accumulator 429
18/11/06 16:42:25 INFO ContextCleaner: Cleaned accumulator 412
18/11/06 16:42:25 INFO ContextCleaner: Cleaned accumulator 403
18/11/06 16:42:25 INFO ContextCleaner: Cleaned accumulator 408
18/11/06 16:42:25 INFO ContextCleaner: Cleaned accumulator 416
18/11/06 16:42:25 INFO ContextCleaner: Cleaned accumulator 290
18/11/06 16:42:25 INFO ContextCleaner: Cleaned accumulator 359
18/11/06 16:42:25 INFO ContextCleaner: Cleaned accumulator 427
18/11/06 16:42:25 INFO ContextCleaner: Cleaned accumulator 350
18/11/06 16:42:25 INFO ContextCleaner: Cleaned accumulator 331
18/11/06 16:42:25 INFO ContextCleaner: Cleaned accumulator 286
18/11/06 16:42:25 INFO ContextCleaner: Cleaned accumulator 327
18/11/06 16:42:25 INFO ContextCleaner: Cleaned accumulator 293
18/11/06 16:42:25 INFO ContextCleaner: Cleaned accumulator 459
18/11/06 16:42:25 INFO ContextCleaner: Cleaned accumulator 316
18/11/06 16:42:25 INFO ContextCleaner: Cleaned accumulator 415
18/11/06 16:42:25 INFO ContextCleaner: Cleaned accumulator 301
18/11/06 16:42:25 INFO ContextCleaner: Cleaned accumulator 309
18/11/06 16:42:25 INFO ContextCleaner: Cleaned accumulator 330
18/11/06 16:42:25 INFO ContextCleaner: Cleaned accumulator 306
18/11/06 16:42:25 INFO ContextCleaner: Cleaned accumulator 332
18/11/06 16:42:25 INFO ContextCleaner: Cleaned accumulator 469
18/11/06 16:42:25 INFO ContextCleaner: Cleaned accumulator 417
18/11/06 16:42:25 INFO ContextCleaner: Cleaned accumulator 426
18/11/06 16:42:25 INFO ContextCleaner: Cleaned accumulator 314
18/11/06 16:42:25 INFO ContextCleaner: Cleaned accumulator 465
18/11/06 16:42:25 INFO ContextCleaner: Cleaned accumulator 302
18/11/06 16:42:25 INFO ContextCleaner: Cleaned accumulator 356
18/11/06 16:42:25 INFO ContextCleaner: Cleaned accumulator 464
18/11/06 16:42:25 INFO ContextCleaner: Cleaned accumulator 336
18/11/06 16:42:25 INFO ContextCleaner: Cleaned accumulator 401
18/11/06 16:42:25 INFO ContextCleaner: Cleaned accumulator 272
18/11/06 16:42:25 INFO ContextCleaner: Cleaned accumulator 430
18/11/06 16:42:25 INFO ContextCleaner: Cleaned accumulator 310
18/11/06 16:42:25 INFO ContextCleaner: Cleaned accumulator 387
18/11/06 16:42:25 INFO ContextCleaner: Cleaned accumulator 450
18/11/06 16:42:25 INFO ContextCleaner: Cleaned accumulator 277
18/11/06 16:42:25 INFO ContextCleaner: Cleaned accumulator 280
18/11/06 16:42:25 INFO ContextCleaner: Cleaned accumulator 344
18/11/06 16:42:25 INFO ContextCleaner: Cleaned accumulator 346
18/11/06 16:42:25 INFO ContextCleaner: Cleaned accumulator 369
18/11/06 16:42:25 INFO ContextCleaner: Cleaned accumulator 463
18/11/06 16:42:25 INFO ContextCleaner: Cleaned accumulator 368
18/11/06 16:42:25 INFO ContextCleaner: Cleaned accumulator 372
18/11/06 16:42:25 INFO ContextCleaner: Cleaned accumulator 389
18/11/06 16:42:25 INFO ContextCleaner: Cleaned accumulator 391
18/11/06 16:42:25 INFO ContextCleaner: Cleaned accumulator 428
18/11/06 16:42:25 INFO ContextCleaner: Cleaned accumulator 283
18/11/06 16:42:25 INFO ContextCleaner: Cleaned accumulator 278
18/11/06 16:42:25 INFO ContextCleaner: Cleaned accumulator 388
18/11/06 16:42:25 INFO ContextCleaner: Cleaned accumulator 435
18/11/06 16:42:25 INFO ContextCleaner: Cleaned accumulator 398
18/11/06 16:42:25 INFO ContextCleaner: Cleaned accumulator 381
18/11/06 16:42:25 INFO ContextCleaner: Cleaned accumulator 358
18/11/06 16:42:25 INFO ContextCleaner: Cleaned accumulator 371
18/11/06 16:42:25 INFO ContextCleaner: Cleaned accumulator 424
18/11/06 16:42:25 INFO ContextCleaner: Cleaned accumulator 443
18/11/06 16:42:25 INFO ContextCleaner: Cleaned accumulator 370
18/11/06 16:42:25 INFO ContextCleaner: Cleaned accumulator 393
18/11/06 16:42:25 INFO ContextCleaner: Cleaned accumulator 382
18/11/06 16:42:25 INFO ContextCleaner: Cleaned accumulator 347
18/11/06 16:42:25 INFO ContextCleaner: Cleaned accumulator 378
18/11/06 16:42:25 INFO ContextCleaner: Cleaned accumulator 453
18/11/06 16:42:25 INFO ContextCleaner: Cleaned accumulator 454
18/11/06 16:42:25 INFO ContextCleaner: Cleaned accumulator 334
18/11/06 16:42:25 INFO ContextCleaner: Cleaned accumulator 299
18/11/06 16:42:25 INFO ContextCleaner: Cleaned accumulator 269
18/11/06 16:42:25 INFO ContextCleaner: Cleaned accumulator 399
18/11/06 16:42:25 INFO ContextCleaner: Cleaned accumulator 400
18/11/06 16:42:25 INFO ContextCleaner: Cleaned accumulator 338
18/11/06 16:42:25 INFO ContextCleaner: Cleaned accumulator 462
18/11/06 16:42:25 INFO ContextCleaner: Cleaned accumulator 449
18/11/06 16:42:25 INFO ContextCleaner: Cleaned accumulator 361
18/11/06 16:42:25 INFO ContextCleaner: Cleaned accumulator 440
18/11/06 16:42:25 INFO ContextCleaner: Cleaned accumulator 366
18/11/06 16:42:25 INFO ContextCleaner: Cleaned accumulator 311
18/11/06 16:42:25 INFO ContextCleaner: Cleaned accumulator 452
18/11/06 16:42:25 INFO ContextCleaner: Cleaned accumulator 425
18/11/06 16:42:25 INFO BlockManagerInfo: Removed broadcast_8_piece0 on localhost:53983 in memory (size: 3.9 KB, free: 366.2 MB)
18/11/06 16:42:25 INFO BlockManagerInfo: Removed broadcast_12_piece0 on localhost:53983 in memory (size: 25.3 KB, free: 366.2 MB)
18/11/06 16:42:25 INFO ContextCleaner: Cleaned accumulator 285
18/11/06 16:42:25 INFO ContextCleaner: Cleaned accumulator 263
18/11/06 16:42:25 INFO ContextCleaner: Cleaned accumulator 397
18/11/06 16:42:25 INFO BlockManagerInfo: Removed broadcast_7_piece0 on localhost:53983 in memory (size: 30.7 KB, free: 366.2 MB)
18/11/06 16:42:25 INFO ContextCleaner: Cleaned accumulator 323
18/11/06 16:42:25 INFO ContextCleaner: Cleaned accumulator 333
18/11/06 16:42:25 INFO BlockManagerInfo: Removed broadcast_14_piece0 on localhost:53983 in memory (size: 23.1 KB, free: 366.3 MB)
18/11/06 16:42:25 INFO ContextCleaner: Cleaned accumulator 303
18/11/06 16:42:25 INFO ContextCleaner: Cleaned accumulator 437
18/11/06 16:42:25 INFO ContextCleaner: Cleaned accumulator 442
18/11/06 16:42:25 INFO BlockManagerInfo: Removed broadcast_9_piece0 on localhost:53983 in memory (size: 29.3 KB, free: 366.3 MB)
18/11/06 16:42:25 INFO ContextCleaner: Cleaned accumulator 340
18/11/06 16:42:25 INFO ContextCleaner: Cleaned accumulator 265
18/11/06 16:42:25 INFO ContextCleaner: Cleaned accumulator 282
18/11/06 16:42:25 INFO ContextCleaner: Cleaned accumulator 422
18/11/06 16:42:25 INFO ContextCleaner: Cleaned accumulator 308
18/11/06 16:42:25 INFO ContextCleaner: Cleaned accumulator 289
18/11/06 16:42:25 INFO ContextCleaner: Cleaned accumulator 326
18/11/06 16:42:25 INFO ContextCleaner: Cleaned accumulator 451
18/11/06 16:42:25 INFO ContextCleaner: Cleaned accumulator 423
18/11/06 16:42:25 INFO ContextCleaner: Cleaned accumulator 354
18/11/06 16:42:25 INFO ContextCleaner: Cleaned accumulator 345
18/11/06 16:42:25 INFO ContextCleaner: Cleaned accumulator 313
18/11/06 16:42:25 INFO BlockManagerInfo: Removed broadcast_13_piece0 on localhost:53983 in memory (size: 3.9 KB, free: 366.3 MB)
18/11/06 16:42:25 INFO ContextCleaner: Cleaned accumulator 298
18/11/06 16:42:25 INFO ContextCleaner: Cleaned accumulator 307
18/11/06 16:42:25 INFO ContextCleaner: Cleaned accumulator 328
18/11/06 16:42:25 INFO ContextCleaner: Cleaned accumulator 275
18/11/06 16:42:25 INFO ContextCleaner: Cleaned accumulator 343
18/11/06 16:42:25 INFO ContextCleaner: Cleaned accumulator 455
18/11/06 16:42:25 INFO ContextCleaner: Cleaned accumulator 329
18/11/06 16:42:25 INFO ContextCleaner: Cleaned accumulator 292
18/11/06 16:42:25 INFO ContextCleaner: Cleaned accumulator 352
18/11/06 16:42:25 INFO ContextCleaner: Cleaned accumulator 385
18/11/06 16:42:25 INFO ContextCleaner: Cleaned accumulator 386
18/11/06 16:42:25 INFO ContextCleaner: Cleaned accumulator 363
18/11/06 16:42:25 INFO ContextCleaner: Cleaned accumulator 432
18/11/06 16:42:25 INFO ContextCleaner: Cleaned accumulator 305
18/11/06 16:42:25 INFO ContextCleaner: Cleaned accumulator 407
18/11/06 16:42:25 INFO ContextCleaner: Cleaned accumulator 392
18/11/06 16:42:25 INFO ContextCleaner: Cleaned accumulator 439
18/11/06 16:42:25 INFO ContextCleaner: Cleaned accumulator 379
18/11/06 16:42:25 INFO ContextCleaner: Cleaned accumulator 433
18/11/06 16:42:25 INFO ContextCleaner: Cleaned accumulator 448
18/11/06 16:42:25 INFO ContextCleaner: Cleaned accumulator 337
18/11/06 16:42:25 INFO ContextCleaner: Cleaned accumulator 458
18/11/06 16:42:25 INFO ContextCleaner: Cleaned accumulator 467
18/11/06 16:42:25 INFO ContextCleaner: Cleaned accumulator 268
18/11/06 16:42:25 INFO ContextCleaner: Cleaned accumulator 461
18/11/06 16:45:54 INFO SparkContext: Starting job: collect at utils.scala:200
18/11/06 16:45:54 INFO DAGScheduler: Registering RDD 85 (collect at utils.scala:200)
18/11/06 16:45:54 INFO DAGScheduler: Got job 9 (collect at utils.scala:200) with 1 output partitions
18/11/06 16:45:54 INFO DAGScheduler: Final stage: ResultStage 16 (collect at utils.scala:200)
18/11/06 16:45:54 INFO DAGScheduler: Parents of final stage: List(ShuffleMapStage 15)
18/11/06 16:45:54 INFO DAGScheduler: Missing parents: List(ShuffleMapStage 15)
18/11/06 16:45:54 INFO DAGScheduler: Submitting ShuffleMapStage 15 (MapPartitionsRDD[85] at collect at utils.scala:200), which has no missing parents
18/11/06 16:45:54 INFO MemoryStore: Block broadcast_15 stored as values in memory (estimated size 34.0 KB, free 366.2 MB)
18/11/06 16:45:54 INFO MemoryStore: Block broadcast_15_piece0 stored as bytes in memory (estimated size 12.7 KB, free 366.2 MB)
18/11/06 16:45:54 INFO BlockManagerInfo: Added broadcast_15_piece0 in memory on localhost:53983 (size: 12.7 KB, free: 366.3 MB)
18/11/06 16:45:54 INFO SparkContext: Created broadcast 15 from broadcast at DAGScheduler.scala:1039
18/11/06 16:45:54 INFO DAGScheduler: Submitting 1 missing tasks from ShuffleMapStage 15 (MapPartitionsRDD[85] at collect at utils.scala:200) (first 15 tasks are for partitions Vector(0))
18/11/06 16:45:54 INFO TaskSchedulerImpl: Adding task set 15.0 with 1 tasks
18/11/06 16:45:54 INFO TaskSetManager: Starting task 0.0 in stage 15.0 (TID 15, localhost, executor driver, partition 0, PROCESS_LOCAL, 9144 bytes)
18/11/06 16:45:54 INFO Executor: Running task 0.0 in stage 15.0 (TID 15)
18/11/06 16:45:54 INFO BlockManager: Found block rdd_9_0 locally
18/11/06 16:45:54 INFO Executor: Finished task 0.0 in stage 15.0 (TID 15). 1623 bytes result sent to driver
18/11/06 16:45:54 INFO TaskSetManager: Finished task 0.0 in stage 15.0 (TID 15) in 21 ms on localhost (executor driver) (1/1)
18/11/06 16:45:54 INFO TaskSchedulerImpl: Removed TaskSet 15.0, whose tasks have all completed, from pool 
18/11/06 16:45:54 INFO DAGScheduler: ShuffleMapStage 15 (collect at utils.scala:200) finished in 0.030 s
18/11/06 16:45:54 INFO DAGScheduler: looking for newly runnable stages
18/11/06 16:45:54 INFO DAGScheduler: running: Set()
18/11/06 16:45:54 INFO DAGScheduler: waiting: Set(ResultStage 16)
18/11/06 16:45:54 INFO DAGScheduler: failed: Set()
18/11/06 16:45:54 INFO DAGScheduler: Submitting ResultStage 16 (MapPartitionsRDD[91] at collect at utils.scala:200), which has no missing parents
18/11/06 16:45:54 INFO MemoryStore: Block broadcast_16 stored as values in memory (estimated size 1141.5 KB, free 365.1 MB)
18/11/06 16:45:54 INFO MemoryStore: Block broadcast_16_piece0 stored as bytes in memory (estimated size 407.3 KB, free 364.7 MB)
18/11/06 16:45:54 INFO BlockManagerInfo: Added broadcast_16_piece0 in memory on localhost:53983 (size: 407.3 KB, free: 365.9 MB)
18/11/06 16:45:54 INFO SparkContext: Created broadcast 16 from broadcast at DAGScheduler.scala:1039
18/11/06 16:45:54 INFO DAGScheduler: Submitting 1 missing tasks from ResultStage 16 (MapPartitionsRDD[91] at collect at utils.scala:200) (first 15 tasks are for partitions Vector(0))
18/11/06 16:45:54 INFO TaskSchedulerImpl: Adding task set 16.0 with 1 tasks
18/11/06 16:45:54 INFO TaskSetManager: Starting task 0.0 in stage 16.0 (TID 16, localhost, executor driver, partition 0, NODE_LOCAL, 7754 bytes)
18/11/06 16:45:54 INFO Executor: Running task 0.0 in stage 16.0 (TID 16)
18/11/06 16:45:54 INFO ShuffleBlockFetcherIterator: Getting 1 non-empty blocks out of 1 blocks
18/11/06 16:45:54 INFO ShuffleBlockFetcherIterator: Started 0 remote fetches in 1 ms
18/11/06 16:45:57 INFO Executor: Finished task 0.0 in stage 16.0 (TID 16). 2087 bytes result sent to driver
18/11/06 16:45:57 INFO TaskSetManager: Finished task 0.0 in stage 16.0 (TID 16) in 3009 ms on localhost (executor driver) (1/1)
18/11/06 16:45:57 INFO TaskSchedulerImpl: Removed TaskSet 16.0, whose tasks have all completed, from pool 
18/11/06 16:45:57 INFO DAGScheduler: ResultStage 16 (collect at utils.scala:200) finished in 3.025 s
18/11/06 16:45:57 INFO DAGScheduler: Job 9 finished: collect at utils.scala:200, took 3.063601 s
18/11/06 16:45:57 INFO SparkContext: Starting job: sql at <unknown>:0
18/11/06 16:45:57 INFO DAGScheduler: Registering RDD 102 (sql at <unknown>:0)
18/11/06 16:45:57 INFO DAGScheduler: Got job 10 (sql at <unknown>:0) with 1 output partitions
18/11/06 16:45:57 INFO DAGScheduler: Final stage: ResultStage 18 (sql at <unknown>:0)
18/11/06 16:45:57 INFO DAGScheduler: Parents of final stage: List(ShuffleMapStage 17)
18/11/06 16:45:57 INFO DAGScheduler: Missing parents: List(ShuffleMapStage 17)
18/11/06 16:45:57 INFO DAGScheduler: Submitting ShuffleMapStage 17 (MapPartitionsRDD[102] at sql at <unknown>:0), which has no missing parents
18/11/06 16:45:57 INFO MemoryStore: Block broadcast_17 stored as values in memory (estimated size 1150.9 KB, free 363.6 MB)
18/11/06 16:45:57 INFO MemoryStore: Block broadcast_17_piece0 stored as bytes in memory (estimated size 411.1 KB, free 363.2 MB)
18/11/06 16:45:57 INFO BlockManagerInfo: Added broadcast_17_piece0 in memory on localhost:53983 (size: 411.1 KB, free: 365.5 MB)
18/11/06 16:45:57 INFO SparkContext: Created broadcast 17 from broadcast at DAGScheduler.scala:1039
18/11/06 16:45:57 INFO DAGScheduler: Submitting 1 missing tasks from ShuffleMapStage 17 (MapPartitionsRDD[102] at sql at <unknown>:0) (first 15 tasks are for partitions Vector(0))
18/11/06 16:45:57 INFO TaskSchedulerImpl: Adding task set 17.0 with 1 tasks
18/11/06 16:45:57 INFO TaskSetManager: Starting task 0.0 in stage 17.0 (TID 17, localhost, executor driver, partition 0, PROCESS_LOCAL, 9144 bytes)
18/11/06 16:45:57 INFO Executor: Running task 0.0 in stage 17.0 (TID 17)
18/11/06 16:45:57 INFO BlockManager: Found block rdd_9_0 locally
18/11/06 16:45:59 INFO MemoryStore: Block rdd_98_0 stored as values in memory (estimated size 512.0 B, free 363.2 MB)
18/11/06 16:45:59 INFO BlockManagerInfo: Added rdd_98_0 in memory on localhost:53983 (size: 512.0 B, free: 365.5 MB)
18/11/06 16:45:59 INFO Executor: Finished task 0.0 in stage 17.0 (TID 17). 2437 bytes result sent to driver
18/11/06 16:45:59 INFO TaskSetManager: Finished task 0.0 in stage 17.0 (TID 17) in 1983 ms on localhost (executor driver) (1/1)
18/11/06 16:45:59 INFO TaskSchedulerImpl: Removed TaskSet 17.0, whose tasks have all completed, from pool 
18/11/06 16:45:59 INFO DAGScheduler: ShuffleMapStage 17 (sql at <unknown>:0) finished in 1.999 s
18/11/06 16:45:59 INFO DAGScheduler: looking for newly runnable stages
18/11/06 16:45:59 INFO DAGScheduler: running: Set()
18/11/06 16:45:59 INFO DAGScheduler: waiting: Set(ResultStage 18)
18/11/06 16:45:59 INFO DAGScheduler: failed: Set()
18/11/06 16:45:59 INFO DAGScheduler: Submitting ResultStage 18 (MapPartitionsRDD[105] at sql at <unknown>:0), which has no missing parents
18/11/06 16:45:59 INFO MemoryStore: Block broadcast_18 stored as values in memory (estimated size 7.5 KB, free 363.2 MB)
18/11/06 16:45:59 INFO MemoryStore: Block broadcast_18_piece0 stored as bytes in memory (estimated size 3.9 KB, free 363.2 MB)
18/11/06 16:45:59 INFO BlockManagerInfo: Added broadcast_18_piece0 in memory on localhost:53983 (size: 3.9 KB, free: 365.5 MB)
18/11/06 16:45:59 INFO SparkContext: Created broadcast 18 from broadcast at DAGScheduler.scala:1039
18/11/06 16:45:59 INFO DAGScheduler: Submitting 1 missing tasks from ResultStage 18 (MapPartitionsRDD[105] at sql at <unknown>:0) (first 15 tasks are for partitions Vector(0))
18/11/06 16:45:59 INFO TaskSchedulerImpl: Adding task set 18.0 with 1 tasks
18/11/06 16:45:59 INFO TaskSetManager: Starting task 0.0 in stage 18.0 (TID 18, localhost, executor driver, partition 0, NODE_LOCAL, 7754 bytes)
18/11/06 16:45:59 INFO Executor: Running task 0.0 in stage 18.0 (TID 18)
18/11/06 16:45:59 INFO ShuffleBlockFetcherIterator: Getting 1 non-empty blocks out of 1 blocks
18/11/06 16:45:59 INFO ShuffleBlockFetcherIterator: Started 0 remote fetches in 1 ms
18/11/06 16:45:59 INFO Executor: Finished task 0.0 in stage 18.0 (TID 18). 1782 bytes result sent to driver
18/11/06 16:45:59 INFO TaskSetManager: Finished task 0.0 in stage 18.0 (TID 18) in 5 ms on localhost (executor driver) (1/1)
18/11/06 16:45:59 INFO TaskSchedulerImpl: Removed TaskSet 18.0, whose tasks have all completed, from pool 
18/11/06 16:45:59 INFO DAGScheduler: ResultStage 18 (sql at <unknown>:0) finished in 0.017 s
18/11/06 16:45:59 INFO DAGScheduler: Job 10 finished: sql at <unknown>:0, took 2.020667 s
18/11/06 16:45:59 INFO SparkContext: Starting job: collect at utils.scala:200
18/11/06 16:45:59 INFO DAGScheduler: Got job 11 (collect at utils.scala:200) with 1 output partitions
18/11/06 16:45:59 INFO DAGScheduler: Final stage: ResultStage 19 (collect at utils.scala:200)
18/11/06 16:45:59 INFO DAGScheduler: Parents of final stage: List()
18/11/06 16:45:59 INFO DAGScheduler: Missing parents: List()
18/11/06 16:45:59 INFO DAGScheduler: Submitting ResultStage 19 (MapPartitionsRDD[110] at collect at utils.scala:200), which has no missing parents
18/11/06 16:45:59 INFO MemoryStore: Block broadcast_19 stored as values in memory (estimated size 1146.7 KB, free 362.1 MB)
18/11/06 16:45:59 INFO MemoryStore: Block broadcast_19_piece0 stored as bytes in memory (estimated size 409.0 KB, free 361.7 MB)
18/11/06 16:45:59 INFO BlockManagerInfo: Added broadcast_19_piece0 in memory on localhost:53983 (size: 409.0 KB, free: 365.1 MB)
18/11/06 16:45:59 INFO SparkContext: Created broadcast 19 from broadcast at DAGScheduler.scala:1039
18/11/06 16:45:59 INFO DAGScheduler: Submitting 1 missing tasks from ResultStage 19 (MapPartitionsRDD[110] at collect at utils.scala:200) (first 15 tasks are for partitions Vector(0))
18/11/06 16:45:59 INFO TaskSchedulerImpl: Adding task set 19.0 with 1 tasks
18/11/06 16:45:59 INFO TaskSetManager: Starting task 0.0 in stage 19.0 (TID 19, localhost, executor driver, partition 0, PROCESS_LOCAL, 9155 bytes)
18/11/06 16:45:59 INFO Executor: Running task 0.0 in stage 19.0 (TID 19)
18/11/06 16:45:59 INFO BlockManager: Found block rdd_98_0 locally
18/11/06 16:45:59 INFO Executor: Finished task 0.0 in stage 19.0 (TID 19). 2071 bytes result sent to driver
18/11/06 16:45:59 INFO TaskSetManager: Finished task 0.0 in stage 19.0 (TID 19) in 9 ms on localhost (executor driver) (1/1)
18/11/06 16:45:59 INFO TaskSchedulerImpl: Removed TaskSet 19.0, whose tasks have all completed, from pool 
18/11/06 16:45:59 INFO DAGScheduler: ResultStage 19 (collect at utils.scala:200) finished in 0.019 s
18/11/06 16:45:59 INFO DAGScheduler: Job 11 finished: collect at utils.scala:200, took 0.022748 s
18/11/06 16:46:05 INFO SparkContext: Starting job: collect at utils.scala:200
18/11/06 16:46:05 INFO DAGScheduler: Registering RDD 114 (collect at utils.scala:200)
18/11/06 16:46:05 INFO DAGScheduler: Got job 12 (collect at utils.scala:200) with 1 output partitions
18/11/06 16:46:05 INFO DAGScheduler: Final stage: ResultStage 21 (collect at utils.scala:200)
18/11/06 16:46:05 INFO DAGScheduler: Parents of final stage: List(ShuffleMapStage 20)
18/11/06 16:46:05 INFO DAGScheduler: Missing parents: List(ShuffleMapStage 20)
18/11/06 16:46:05 INFO DAGScheduler: Submitting ShuffleMapStage 20 (MapPartitionsRDD[114] at collect at utils.scala:200), which has no missing parents
18/11/06 16:46:05 INFO MemoryStore: Block broadcast_20 stored as values in memory (estimated size 34.0 KB, free 361.6 MB)
18/11/06 16:46:05 INFO MemoryStore: Block broadcast_20_piece0 stored as bytes in memory (estimated size 12.7 KB, free 361.6 MB)
18/11/06 16:46:05 INFO BlockManagerInfo: Added broadcast_20_piece0 in memory on localhost:53983 (size: 12.7 KB, free: 365.1 MB)
18/11/06 16:46:05 INFO SparkContext: Created broadcast 20 from broadcast at DAGScheduler.scala:1039
18/11/06 16:46:05 INFO DAGScheduler: Submitting 1 missing tasks from ShuffleMapStage 20 (MapPartitionsRDD[114] at collect at utils.scala:200) (first 15 tasks are for partitions Vector(0))
18/11/06 16:46:05 INFO TaskSchedulerImpl: Adding task set 20.0 with 1 tasks
18/11/06 16:46:05 INFO TaskSetManager: Starting task 0.0 in stage 20.0 (TID 20, localhost, executor driver, partition 0, PROCESS_LOCAL, 9144 bytes)
18/11/06 16:46:05 INFO Executor: Running task 0.0 in stage 20.0 (TID 20)
18/11/06 16:46:05 INFO BlockManager: Found block rdd_9_0 locally
18/11/06 16:46:05 INFO Executor: Finished task 0.0 in stage 20.0 (TID 20). 1623 bytes result sent to driver
18/11/06 16:46:05 INFO TaskSetManager: Finished task 0.0 in stage 20.0 (TID 20) in 8 ms on localhost (executor driver) (1/1)
18/11/06 16:46:05 INFO TaskSchedulerImpl: Removed TaskSet 20.0, whose tasks have all completed, from pool 
18/11/06 16:46:05 INFO DAGScheduler: ShuffleMapStage 20 (collect at utils.scala:200) finished in 0.015 s
18/11/06 16:46:05 INFO DAGScheduler: looking for newly runnable stages
18/11/06 16:46:05 INFO DAGScheduler: running: Set()
18/11/06 16:46:05 INFO DAGScheduler: waiting: Set(ResultStage 21)
18/11/06 16:46:05 INFO DAGScheduler: failed: Set()
18/11/06 16:46:05 INFO DAGScheduler: Submitting ResultStage 21 (MapPartitionsRDD[120] at collect at utils.scala:200), which has no missing parents
18/11/06 16:46:05 INFO MemoryStore: Block broadcast_21 stored as values in memory (estimated size 1141.5 KB, free 360.5 MB)
18/11/06 16:46:05 INFO MemoryStore: Block broadcast_21_piece0 stored as bytes in memory (estimated size 407.2 KB, free 360.1 MB)
18/11/06 16:46:05 INFO BlockManagerInfo: Added broadcast_21_piece0 in memory on localhost:53983 (size: 407.2 KB, free: 364.7 MB)
18/11/06 16:46:05 INFO SparkContext: Created broadcast 21 from broadcast at DAGScheduler.scala:1039
18/11/06 16:46:05 INFO DAGScheduler: Submitting 1 missing tasks from ResultStage 21 (MapPartitionsRDD[120] at collect at utils.scala:200) (first 15 tasks are for partitions Vector(0))
18/11/06 16:46:05 INFO TaskSchedulerImpl: Adding task set 21.0 with 1 tasks
18/11/06 16:46:05 INFO TaskSetManager: Starting task 0.0 in stage 21.0 (TID 21, localhost, executor driver, partition 0, NODE_LOCAL, 7754 bytes)
18/11/06 16:46:05 INFO Executor: Running task 0.0 in stage 21.0 (TID 21)
18/11/06 16:46:05 INFO ShuffleBlockFetcherIterator: Getting 1 non-empty blocks out of 1 blocks
18/11/06 16:46:05 INFO ShuffleBlockFetcherIterator: Started 0 remote fetches in 1 ms
18/11/06 16:46:08 INFO Executor: Finished task 0.0 in stage 21.0 (TID 21). 2087 bytes result sent to driver
18/11/06 16:46:08 INFO TaskSetManager: Finished task 0.0 in stage 21.0 (TID 21) in 2297 ms on localhost (executor driver) (1/1)
18/11/06 16:46:08 INFO TaskSchedulerImpl: Removed TaskSet 21.0, whose tasks have all completed, from pool 
18/11/06 16:46:08 INFO DAGScheduler: ResultStage 21 (collect at utils.scala:200) finished in 2.315 s
18/11/06 16:46:08 INFO DAGScheduler: Job 12 finished: collect at utils.scala:200, took 2.333470 s
18/11/06 16:46:08 INFO ContextCleaner: Cleaned accumulator 671
18/11/06 16:46:08 INFO ContextCleaner: Cleaned accumulator 570
18/11/06 16:46:08 INFO ContextCleaner: Cleaned accumulator 482
18/11/06 16:46:08 INFO BlockManagerInfo: Removed broadcast_16_piece0 on localhost:53983 in memory (size: 407.3 KB, free: 365.1 MB)
18/11/06 16:46:08 INFO ContextCleaner: Cleaned accumulator 481
18/11/06 16:46:08 INFO ContextCleaner: Cleaned accumulator 594
18/11/06 16:46:08 INFO ContextCleaner: Cleaned accumulator 627
18/11/06 16:46:08 INFO ContextCleaner: Cleaned accumulator 644
18/11/06 16:46:08 INFO ContextCleaner: Cleaned accumulator 670
18/11/06 16:46:08 INFO ContextCleaner: Cleaned accumulator 475
18/11/06 16:46:08 INFO ContextCleaner: Cleaned accumulator 473
18/11/06 16:46:08 INFO ContextCleaner: Cleaned accumulator 679
18/11/06 16:46:08 INFO ContextCleaner: Cleaned accumulator 520
18/11/06 16:46:08 INFO ContextCleaner: Cleaned accumulator 478
18/11/06 16:46:08 INFO ContextCleaner: Cleaned accumulator 677
18/11/06 16:46:08 INFO ContextCleaner: Cleaned accumulator 597
18/11/06 16:46:08 INFO ContextCleaner: Cleaned accumulator 641
18/11/06 16:46:08 INFO ContextCleaner: Cleaned accumulator 619
18/11/06 16:46:08 INFO ContextCleaner: Cleaned accumulator 676
18/11/06 16:46:08 INFO ContextCleaner: Cleaned accumulator 587
18/11/06 16:46:08 INFO ContextCleaner: Cleaned accumulator 560
18/11/06 16:46:08 INFO ContextCleaner: Cleaned accumulator 497
18/11/06 16:46:08 INFO ContextCleaner: Cleaned accumulator 592
18/11/06 16:46:08 INFO ContextCleaner: Cleaned accumulator 643
18/11/06 16:46:08 INFO ContextCleaner: Cleaned shuffle 4
18/11/06 16:46:08 INFO ContextCleaner: Cleaned accumulator 479
18/11/06 16:46:08 INFO ContextCleaner: Cleaned accumulator 516
18/11/06 16:46:08 INFO ContextCleaner: Cleaned accumulator 622
18/11/06 16:46:08 INFO ContextCleaner: Cleaned accumulator 659
18/11/06 16:46:08 INFO ContextCleaner: Cleaned accumulator 637
18/11/06 16:46:08 INFO ContextCleaner: Cleaned accumulator 510
18/11/06 16:46:08 INFO ContextCleaner: Cleaned accumulator 489
18/11/06 16:46:08 INFO ContextCleaner: Cleaned accumulator 607
18/11/06 16:46:08 INFO ContextCleaner: Cleaned accumulator 609
18/11/06 16:46:08 INFO ContextCleaner: Cleaned accumulator 624
18/11/06 16:46:08 INFO ContextCleaner: Cleaned accumulator 488
18/11/06 16:46:08 INFO ContextCleaner: Cleaned accumulator 562
18/11/06 16:46:08 INFO ContextCleaner: Cleaned accumulator 598
18/11/06 16:46:08 INFO ContextCleaner: Cleaned accumulator 564
18/11/06 16:46:08 INFO ContextCleaner: Cleaned accumulator 593
18/11/06 16:46:08 INFO ContextCleaner: Cleaned accumulator 486
18/11/06 16:46:08 INFO ContextCleaner: Cleaned accumulator 527
18/11/06 16:46:08 INFO ContextCleaner: Cleaned accumulator 595
18/11/06 16:46:08 INFO ContextCleaner: Cleaned accumulator 444
18/11/06 16:46:08 INFO ContextCleaner: Cleaned accumulator 608
18/11/06 16:46:08 INFO ContextCleaner: Cleaned accumulator 557
18/11/06 16:46:08 INFO ContextCleaner: Cleaned accumulator 585
18/11/06 16:46:08 INFO ContextCleaner: Cleaned accumulator 577
18/11/06 16:46:08 INFO BlockManagerInfo: Removed broadcast_15_piece0 on localhost:53983 in memory (size: 12.7 KB, free: 365.1 MB)
18/11/06 16:46:08 INFO ContextCleaner: Cleaned accumulator 539
18/11/06 16:46:08 INFO ContextCleaner: Cleaned accumulator 318
18/11/06 16:46:08 INFO ContextCleaner: Cleaned accumulator 547
18/11/06 16:46:08 INFO ContextCleaner: Cleaned accumulator 591
18/11/06 16:46:08 INFO ContextCleaner: Cleaned accumulator 567
18/11/06 16:46:08 INFO ContextCleaner: Cleaned accumulator 681
18/11/06 16:46:08 INFO ContextCleaner: Cleaned accumulator 321
18/11/06 16:46:08 INFO ContextCleaner: Cleaned accumulator 667
18/11/06 16:46:08 INFO ContextCleaner: Cleaned accumulator 666
18/11/06 16:46:08 INFO ContextCleaner: Cleaned accumulator 320
18/11/06 16:46:08 INFO ContextCleaner: Cleaned accumulator 650
18/11/06 16:46:08 INFO ContextCleaner: Cleaned accumulator 588
18/11/06 16:46:08 INFO ContextCleaner: Cleaned accumulator 674
18/11/06 16:46:08 INFO ContextCleaner: Cleaned accumulator 665
18/11/06 16:46:08 INFO ContextCleaner: Cleaned accumulator 669
18/11/06 16:46:08 INFO ContextCleaner: Cleaned accumulator 568
18/11/06 16:46:08 INFO ContextCleaner: Cleaned accumulator 559
18/11/06 16:46:08 INFO ContextCleaner: Cleaned accumulator 605
18/11/06 16:46:08 INFO ContextCleaner: Cleaned accumulator 657
18/11/06 16:46:08 INFO ContextCleaner: Cleaned accumulator 507
18/11/06 16:46:08 INFO ContextCleaner: Cleaned accumulator 571
18/11/06 16:46:08 INFO ContextCleaner: Cleaned accumulator 655
18/11/06 16:46:08 INFO ContextCleaner: Cleaned accumulator 582
18/11/06 16:46:08 INFO ContextCleaner: Cleaned accumulator 528
18/11/06 16:46:08 INFO ContextCleaner: Cleaned accumulator 645
18/11/06 16:46:08 INFO ContextCleaner: Cleaned accumulator 504
18/11/06 16:46:08 INFO ContextCleaner: Cleaned accumulator 495
18/11/06 16:46:08 INFO ContextCleaner: Cleaned accumulator 515
18/11/06 16:46:08 INFO ContextCleaner: Cleaned accumulator 658
18/11/06 16:46:08 INFO ContextCleaner: Cleaned accumulator 477
18/11/06 16:46:08 INFO ContextCleaner: Cleaned accumulator 578
18/11/06 16:46:08 INFO ContextCleaner: Cleaned accumulator 584
18/11/06 16:46:08 INFO BlockManagerInfo: Removed broadcast_18_piece0 on localhost:53983 in memory (size: 3.9 KB, free: 365.1 MB)
18/11/06 16:46:08 INFO ContextCleaner: Cleaned accumulator 521
18/11/06 16:46:08 INFO ContextCleaner: Cleaned accumulator 545
18/11/06 16:46:08 INFO ContextCleaner: Cleaned accumulator 494
18/11/06 16:46:08 INFO ContextCleaner: Cleaned accumulator 680
18/11/06 16:46:08 INFO ContextCleaner: Cleaned accumulator 508
18/11/06 16:46:08 INFO ContextCleaner: Cleaned accumulator 678
18/11/06 16:46:08 INFO ContextCleaner: Cleaned accumulator 596
18/11/06 16:46:08 INFO ContextCleaner: Cleaned accumulator 621
18/11/06 16:46:08 INFO ContextCleaner: Cleaned accumulator 604
18/11/06 16:46:08 INFO ContextCleaner: Cleaned accumulator 626
18/11/06 16:46:08 INFO ContextCleaner: Cleaned accumulator 683
18/11/06 16:46:08 INFO ContextCleaner: Cleaned accumulator 563
18/11/06 16:46:08 INFO BlockManagerInfo: Removed broadcast_17_piece0 on localhost:53983 in memory (size: 411.1 KB, free: 365.5 MB)
18/11/06 16:46:08 INFO BlockManagerInfo: Removed broadcast_20_piece0 on localhost:53983 in memory (size: 12.7 KB, free: 365.5 MB)
18/11/06 16:46:08 INFO ContextCleaner: Cleaned accumulator 549
18/11/06 16:46:08 INFO ContextCleaner: Cleaned accumulator 652
18/11/06 16:46:08 INFO ContextCleaner: Cleaned accumulator 492
18/11/06 16:46:08 INFO ContextCleaner: Cleaned accumulator 500
18/11/06 16:46:08 INFO ContextCleaner: Cleaned accumulator 446
18/11/06 16:46:08 INFO ContextCleaner: Cleaned accumulator 613
18/11/06 16:46:08 INFO ContextCleaner: Cleaned accumulator 656
18/11/06 16:46:08 INFO ContextCleaner: Cleaned accumulator 617
18/11/06 16:46:08 INFO ContextCleaner: Cleaned accumulator 517
18/11/06 16:46:08 INFO ContextCleaner: Cleaned accumulator 673
18/11/06 16:46:08 INFO ContextCleaner: Cleaned accumulator 474
18/11/06 16:46:08 INFO ContextCleaner: Cleaned accumulator 524
18/11/06 16:46:08 INFO ContextCleaner: Cleaned accumulator 534
18/11/06 16:46:08 INFO ContextCleaner: Cleaned accumulator 639
18/11/06 16:46:08 INFO ContextCleaner: Cleaned accumulator 648
18/11/06 16:46:08 INFO ContextCleaner: Cleaned accumulator 535
18/11/06 16:46:08 INFO ContextCleaner: Cleaned accumulator 502
18/11/06 16:46:08 INFO ContextCleaner: Cleaned accumulator 668
18/11/06 16:46:08 INFO ContextCleaner: Cleaned accumulator 551
18/11/06 16:46:08 INFO ContextCleaner: Cleaned accumulator 580
18/11/06 16:46:08 INFO ContextCleaner: Cleaned accumulator 523
18/11/06 16:46:08 INFO ContextCleaner: Cleaned accumulator 638
18/11/06 16:46:08 INFO ContextCleaner: Cleaned accumulator 576
18/11/06 16:46:08 INFO ContextCleaner: Cleaned accumulator 664
18/11/06 16:46:08 INFO ContextCleaner: Cleaned accumulator 550
18/11/06 16:46:08 INFO ContextCleaner: Cleaned accumulator 586
18/11/06 16:46:08 INFO ContextCleaner: Cleaned accumulator 483
18/11/06 16:46:08 INFO ContextCleaner: Cleaned accumulator 518
18/11/06 16:46:08 INFO ContextCleaner: Cleaned accumulator 653
18/11/06 16:46:08 INFO ContextCleaner: Cleaned accumulator 566
18/11/06 16:46:08 INFO ContextCleaner: Cleaned accumulator 476
18/11/06 16:46:08 INFO ContextCleaner: Cleaned accumulator 618
18/11/06 16:46:08 INFO ContextCleaner: Cleaned accumulator 654
18/11/06 16:46:08 INFO ContextCleaner: Cleaned accumulator 661
18/11/06 16:46:08 INFO ContextCleaner: Cleaned shuffle 6
18/11/06 16:46:08 INFO ContextCleaner: Cleaned accumulator 589
18/11/06 16:46:08 INFO ContextCleaner: Cleaned accumulator 553
18/11/06 16:46:08 INFO ContextCleaner: Cleaned accumulator 544
18/11/06 16:46:08 INFO ContextCleaner: Cleaned accumulator 485
18/11/06 16:46:08 INFO ContextCleaner: Cleaned accumulator 599
18/11/06 16:46:08 INFO ContextCleaner: Cleaned accumulator 569
18/11/06 16:46:08 INFO ContextCleaner: Cleaned accumulator 628
18/11/06 16:46:08 INFO ContextCleaner: Cleaned accumulator 573
18/11/06 16:46:08 INFO ContextCleaner: Cleaned accumulator 625
18/11/06 16:46:08 INFO ContextCleaner: Cleaned accumulator 538
18/11/06 16:46:08 INFO ContextCleaner: Cleaned accumulator 501
18/11/06 16:46:08 INFO ContextCleaner: Cleaned accumulator 556
18/11/06 16:46:08 INFO ContextCleaner: Cleaned accumulator 590
18/11/06 16:46:08 INFO ContextCleaner: Cleaned accumulator 579
18/11/06 16:46:08 INFO ContextCleaner: Cleaned accumulator 581
18/11/06 16:46:08 INFO BlockManagerInfo: Removed broadcast_19_piece0 on localhost:53983 in memory (size: 409.0 KB, free: 365.9 MB)
18/11/06 16:46:08 INFO ContextCleaner: Cleaned accumulator 663
18/11/06 16:46:08 INFO ContextCleaner: Cleaned accumulator 583
18/11/06 16:46:08 INFO ContextCleaner: Cleaned accumulator 512
18/11/06 16:46:08 INFO ContextCleaner: Cleaned accumulator 572
18/11/06 16:46:08 INFO ContextCleaner: Cleaned accumulator 614
18/11/06 16:46:08 INFO ContextCleaner: Cleaned accumulator 672
18/11/06 16:46:08 INFO ContextCleaner: Cleaned accumulator 472
18/11/06 16:46:08 INFO ContextCleaner: Cleaned accumulator 575
18/11/06 16:46:08 INFO ContextCleaner: Cleaned accumulator 543
18/11/06 16:46:08 INFO ContextCleaner: Cleaned accumulator 445
18/11/06 16:46:08 INFO BlockManagerInfo: Removed broadcast_21_piece0 on localhost:53983 in memory (size: 407.2 KB, free: 366.3 MB)
18/11/06 16:46:08 INFO ContextCleaner: Cleaned accumulator 647
18/11/06 16:46:08 INFO ContextCleaner: Cleaned accumulator 603
18/11/06 16:46:08 INFO ContextCleaner: Cleaned accumulator 537
18/11/06 16:46:08 INFO ContextCleaner: Cleaned accumulator 514
18/11/06 16:46:08 INFO ContextCleaner: Cleaned accumulator 505
18/11/06 16:46:08 INFO ContextCleaner: Cleaned accumulator 636
18/11/06 16:46:08 INFO ContextCleaner: Cleaned accumulator 548
18/11/06 16:46:08 INFO ContextCleaner: Cleaned accumulator 541
18/11/06 16:46:08 INFO ContextCleaner: Cleaned accumulator 635
18/11/06 16:46:08 INFO ContextCleaner: Cleaned accumulator 542
18/11/06 16:46:08 INFO ContextCleaner: Cleaned accumulator 498
18/11/06 16:46:08 INFO ContextCleaner: Cleaned accumulator 511
18/11/06 16:46:08 INFO ContextCleaner: Cleaned accumulator 554
18/11/06 16:46:08 INFO ContextCleaner: Cleaned accumulator 546
18/11/06 16:46:08 INFO ContextCleaner: Cleaned accumulator 555
18/11/06 16:46:08 INFO ContextCleaner: Cleaned accumulator 536
18/11/06 16:46:08 INFO ContextCleaner: Cleaned shuffle 7
18/11/06 16:46:08 INFO ContextCleaner: Cleaned accumulator 506
18/11/06 16:46:08 INFO ContextCleaner: Cleaned accumulator 509
18/11/06 16:46:08 INFO ContextCleaner: Cleaned accumulator 319
18/11/06 16:46:08 INFO ContextCleaner: Cleaned accumulator 615
18/11/06 16:46:08 INFO ContextCleaner: Cleaned accumulator 651
18/11/06 16:46:08 INFO ContextCleaner: Cleaned accumulator 496
18/11/06 16:46:08 INFO ContextCleaner: Cleaned accumulator 675
18/11/06 16:46:08 INFO ContextCleaner: Cleaned accumulator 493
18/11/06 16:46:08 INFO ContextCleaner: Cleaned accumulator 513
18/11/06 16:46:08 INFO ContextCleaner: Cleaned accumulator 526
18/11/06 16:46:08 INFO ContextCleaner: Cleaned accumulator 682
18/11/06 16:46:08 INFO ContextCleaner: Cleaned accumulator 522
18/11/06 16:46:08 INFO ContextCleaner: Cleaned accumulator 552
18/11/06 16:46:08 INFO ContextCleaner: Cleaned accumulator 616
18/11/06 16:46:08 INFO ContextCleaner: Cleaned accumulator 540
18/11/06 16:46:08 INFO ContextCleaner: Cleaned accumulator 642
18/11/06 16:46:08 INFO ContextCleaner: Cleaned accumulator 574
18/11/06 16:46:08 INFO ContextCleaner: Cleaned accumulator 317
18/11/06 16:46:08 INFO ContextCleaner: Cleaned accumulator 561
18/11/06 16:46:08 INFO ContextCleaner: Cleaned accumulator 640
18/11/06 16:46:08 INFO ContextCleaner: Cleaned accumulator 503
18/11/06 16:46:08 INFO ContextCleaner: Cleaned accumulator 484
18/11/06 16:46:08 INFO ContextCleaner: Cleaned accumulator 487
18/11/06 16:46:08 INFO ContextCleaner: Cleaned accumulator 606
18/11/06 16:46:08 INFO ContextCleaner: Cleaned accumulator 662
18/11/06 16:46:08 INFO ContextCleaner: Cleaned accumulator 610
18/11/06 16:46:08 INFO SparkContext: Starting job: sql at <unknown>:0
18/11/06 16:46:08 INFO DAGScheduler: Registering RDD 131 (sql at <unknown>:0)
18/11/06 16:46:08 INFO DAGScheduler: Got job 13 (sql at <unknown>:0) with 1 output partitions
18/11/06 16:46:08 INFO DAGScheduler: Final stage: ResultStage 23 (sql at <unknown>:0)
18/11/06 16:46:08 INFO DAGScheduler: Parents of final stage: List(ShuffleMapStage 22)
18/11/06 16:46:08 INFO DAGScheduler: Missing parents: List(ShuffleMapStage 22)
18/11/06 16:46:08 INFO DAGScheduler: Submitting ShuffleMapStage 22 (MapPartitionsRDD[131] at sql at <unknown>:0), which has no missing parents
18/11/06 16:46:08 INFO MemoryStore: Block broadcast_22 stored as values in memory (estimated size 1150.9 KB, free 365.2 MB)
18/11/06 16:46:08 INFO MemoryStore: Block broadcast_22_piece0 stored as bytes in memory (estimated size 411.2 KB, free 364.8 MB)
18/11/06 16:46:08 INFO BlockManagerInfo: Added broadcast_22_piece0 in memory on localhost:53983 (size: 411.2 KB, free: 365.9 MB)
18/11/06 16:46:08 INFO SparkContext: Created broadcast 22 from broadcast at DAGScheduler.scala:1039
18/11/06 16:46:08 INFO DAGScheduler: Submitting 1 missing tasks from ShuffleMapStage 22 (MapPartitionsRDD[131] at sql at <unknown>:0) (first 15 tasks are for partitions Vector(0))
18/11/06 16:46:08 INFO TaskSchedulerImpl: Adding task set 22.0 with 1 tasks
18/11/06 16:46:08 INFO TaskSetManager: Starting task 0.0 in stage 22.0 (TID 22, localhost, executor driver, partition 0, PROCESS_LOCAL, 9144 bytes)
18/11/06 16:46:08 INFO Executor: Running task 0.0 in stage 22.0 (TID 22)
18/11/06 16:46:08 INFO BlockManager: Found block rdd_9_0 locally
18/11/06 16:46:10 INFO MemoryStore: Block rdd_127_0 stored as values in memory (estimated size 512.0 B, free 364.8 MB)
18/11/06 16:46:10 INFO BlockManagerInfo: Added rdd_127_0 in memory on localhost:53983 (size: 512.0 B, free: 365.9 MB)
18/11/06 16:46:10 INFO Executor: Finished task 0.0 in stage 22.0 (TID 22). 2437 bytes result sent to driver
18/11/06 16:46:10 INFO TaskSetManager: Finished task 0.0 in stage 22.0 (TID 22) in 2028 ms on localhost (executor driver) (1/1)
18/11/06 16:46:10 INFO TaskSchedulerImpl: Removed TaskSet 22.0, whose tasks have all completed, from pool 
18/11/06 16:46:10 INFO DAGScheduler: ShuffleMapStage 22 (sql at <unknown>:0) finished in 2.039 s
18/11/06 16:46:10 INFO DAGScheduler: looking for newly runnable stages
18/11/06 16:46:10 INFO DAGScheduler: running: Set()
18/11/06 16:46:10 INFO DAGScheduler: waiting: Set(ResultStage 23)
18/11/06 16:46:10 INFO DAGScheduler: failed: Set()
18/11/06 16:46:10 INFO DAGScheduler: Submitting ResultStage 23 (MapPartitionsRDD[134] at sql at <unknown>:0), which has no missing parents
18/11/06 16:46:10 INFO MemoryStore: Block broadcast_23 stored as values in memory (estimated size 7.5 KB, free 364.7 MB)
18/11/06 16:46:10 INFO MemoryStore: Block broadcast_23_piece0 stored as bytes in memory (estimated size 3.9 KB, free 364.7 MB)
18/11/06 16:46:10 INFO BlockManagerInfo: Added broadcast_23_piece0 in memory on localhost:53983 (size: 3.9 KB, free: 365.9 MB)
18/11/06 16:46:10 INFO SparkContext: Created broadcast 23 from broadcast at DAGScheduler.scala:1039
18/11/06 16:46:10 INFO DAGScheduler: Submitting 1 missing tasks from ResultStage 23 (MapPartitionsRDD[134] at sql at <unknown>:0) (first 15 tasks are for partitions Vector(0))
18/11/06 16:46:10 INFO TaskSchedulerImpl: Adding task set 23.0 with 1 tasks
18/11/06 16:46:10 INFO TaskSetManager: Starting task 0.0 in stage 23.0 (TID 23, localhost, executor driver, partition 0, NODE_LOCAL, 7754 bytes)
18/11/06 16:46:10 INFO Executor: Running task 0.0 in stage 23.0 (TID 23)
18/11/06 16:46:10 INFO ShuffleBlockFetcherIterator: Getting 1 non-empty blocks out of 1 blocks
18/11/06 16:46:10 INFO ShuffleBlockFetcherIterator: Started 0 remote fetches in 1 ms
18/11/06 16:46:10 INFO Executor: Finished task 0.0 in stage 23.0 (TID 23). 1739 bytes result sent to driver
18/11/06 16:46:10 INFO TaskSetManager: Finished task 0.0 in stage 23.0 (TID 23) in 3 ms on localhost (executor driver) (1/1)
18/11/06 16:46:10 INFO TaskSchedulerImpl: Removed TaskSet 23.0, whose tasks have all completed, from pool 
18/11/06 16:46:10 INFO DAGScheduler: ResultStage 23 (sql at <unknown>:0) finished in 0.008 s
18/11/06 16:46:10 INFO DAGScheduler: Job 13 finished: sql at <unknown>:0, took 2.052305 s
18/11/06 16:46:10 INFO SparkContext: Starting job: collect at utils.scala:200
18/11/06 16:46:10 INFO DAGScheduler: Got job 14 (collect at utils.scala:200) with 1 output partitions
18/11/06 16:46:10 INFO DAGScheduler: Final stage: ResultStage 24 (collect at utils.scala:200)
18/11/06 16:46:10 INFO DAGScheduler: Parents of final stage: List()
18/11/06 16:46:10 INFO DAGScheduler: Missing parents: List()
18/11/06 16:46:10 INFO DAGScheduler: Submitting ResultStage 24 (MapPartitionsRDD[139] at collect at utils.scala:200), which has no missing parents
18/11/06 16:46:10 INFO MemoryStore: Block broadcast_24 stored as values in memory (estimated size 1146.7 KB, free 363.6 MB)
18/11/06 16:46:10 INFO MemoryStore: Block broadcast_24_piece0 stored as bytes in memory (estimated size 409.0 KB, free 363.2 MB)
18/11/06 16:46:10 INFO BlockManagerInfo: Added broadcast_24_piece0 in memory on localhost:53983 (size: 409.0 KB, free: 365.5 MB)
18/11/06 16:46:10 INFO SparkContext: Created broadcast 24 from broadcast at DAGScheduler.scala:1039
18/11/06 16:46:10 INFO DAGScheduler: Submitting 1 missing tasks from ResultStage 24 (MapPartitionsRDD[139] at collect at utils.scala:200) (first 15 tasks are for partitions Vector(0))
18/11/06 16:46:10 INFO TaskSchedulerImpl: Adding task set 24.0 with 1 tasks
18/11/06 16:46:10 INFO TaskSetManager: Starting task 0.0 in stage 24.0 (TID 24, localhost, executor driver, partition 0, PROCESS_LOCAL, 9155 bytes)
18/11/06 16:46:10 INFO Executor: Running task 0.0 in stage 24.0 (TID 24)
18/11/06 16:46:10 INFO BlockManager: Found block rdd_127_0 locally
18/11/06 16:46:10 INFO Executor: 1 block locks were not released by TID = 24:
[rdd_127_0]
18/11/06 16:46:10 INFO Executor: Finished task 0.0 in stage 24.0 (TID 24). 1857 bytes result sent to driver
18/11/06 16:46:10 INFO TaskSetManager: Finished task 0.0 in stage 24.0 (TID 24) in 18 ms on localhost (executor driver) (1/1)
18/11/06 16:46:10 INFO TaskSchedulerImpl: Removed TaskSet 24.0, whose tasks have all completed, from pool 
18/11/06 16:46:10 INFO DAGScheduler: ResultStage 24 (collect at utils.scala:200) finished in 0.028 s
18/11/06 16:46:10 INFO DAGScheduler: Job 14 finished: collect at utils.scala:200, took 0.029878 s
18/11/06 16:49:46 INFO SparkContext: Invoking stop() from shutdown hook
18/11/06 16:49:46 INFO SparkUI: Stopped Spark web UI at http://localhost:4040
18/11/06 16:49:46 INFO MapOutputTrackerMasterEndpoint: MapOutputTrackerMasterEndpoint stopped!
18/11/06 16:49:46 INFO MemoryStore: MemoryStore cleared
18/11/06 16:49:46 INFO BlockManager: BlockManager stopped
18/11/06 16:49:46 INFO BlockManagerMaster: BlockManagerMaster stopped
18/11/06 16:49:46 INFO OutputCommitCoordinator$OutputCommitCoordinatorEndpoint: OutputCommitCoordinator stopped!
18/11/06 16:49:46 INFO SparkContext: Successfully stopped SparkContext
18/11/06 16:49:46 INFO ShutdownHookManager: Shutdown hook called
18/11/06 16:49:46 INFO ShutdownHookManager: Deleting directory /private/var/folders/ks/wm_bx4cn70s6h0r5vgqpsldm0000gn/T/spark-048c7fa6-2620-4aa9-ab26-78667b804883
18/11/06 16:49:46 INFO ShutdownHookManager: Deleting directory /private/var/folders/ks/wm_bx4cn70s6h0r5vgqpsldm0000gn/T/spark-9f8af166-0ebd-4c81-965a-6efefdfdfc6a
